Copyright 1986-2019 Xilinx, Inc. All Rights Reserved.
--------------------------------------------------------------------------------------------
| Tool Version : Vivado v.2019.2 (win64) Build 2708876 Wed Nov  6 21:40:23 MST 2019
| Date         : Wed May 21 11:05:19 2025
| Host         : NoteKihyun running 64-bit major release  (build 9200)
| Command      : report_control_sets -verbose -file pattern_gen_top_control_sets_placed.rpt
| Design       : pattern_gen_top
| Device       : xc7z010
--------------------------------------------------------------------------------------------

Control Set Information

Table of Contents
-----------------
1. Summary
2. Histogram
3. Flip-Flop Distribution
4. Detailed Control Set Information

1. Summary
----------

+----------------------------------------------------------+-------+
|                          Status                          | Count |
+----------------------------------------------------------+-------+
| Total control sets                                       |     5 |
|    Minimum number of control sets                        |     5 |
|    Addition due to synthesis replication                 |     0 |
|    Addition due to physical synthesis replication        |     0 |
| Unused register locations in slices containing registers |    21 |
+----------------------------------------------------------+-------+
* Control sets can be merged at opt_design using control_set_merge or merge_equivalent_drivers
** Run report_qor_suggestions for automated merging and remapping suggestions


2. Histogram
------------

+--------------------+-------+
|       Fanout       | Count |
+--------------------+-------+
| Total control sets |     5 |
| >= 0 to < 4        |     2 |
| >= 4 to < 6        |     0 |
| >= 6 to < 8        |     0 |
| >= 8 to < 10       |     0 |
| >= 10 to < 12      |     0 |
| >= 12 to < 14      |     0 |
| >= 14 to < 16      |     0 |
| >= 16              |     3 |
+--------------------+-------+
* Control sets can be remapped at either synth_design or opt_design


3. Flip-Flop Distribution
-------------------------

+--------------+-----------------------+------------------------+-----------------+--------------+
| Clock Enable | Synchronous Set/Reset | Asynchronous Set/Reset | Total Registers | Total Slices |
+--------------+-----------------------+------------------------+-----------------+--------------+
| No           | No                    | No                     |               0 |            0 |
| No           | No                    | Yes                    |              49 |           16 |
| No           | Yes                   | No                     |               0 |            0 |
| Yes          | No                    | No                     |               0 |            0 |
| Yes          | No                    | Yes                    |              66 |           19 |
| Yes          | Yes                   | No                     |               0 |            0 |
+--------------+-----------------------+------------------------+-----------------+--------------+


4. Detailed Control Set Information
-----------------------------------

+---------------------------+------------------------+------------------+------------------+----------------+
|        Clock Signal       |      Enable Signal     | Set/Reset Signal | Slice Load Count | Bel Load Count |
+---------------------------+------------------------+------------------+------------------+----------------+
|  u0/clk_gen/inst/clk_out1 | u1/hs_i_1_n_0          | reset_IBUF       |                1 |              1 |
|  u0/clk_gen/inst/clk_out1 | u1/vs_i_1_n_0          | reset_IBUF       |                1 |              1 |
|  u0/clk_gen/inst/clk_out1 | u1/h_cnt[31]_i_1_n_0   | reset_IBUF       |                9 |             32 |
|  u0/clk_gen/inst/clk_out1 | u1/line_cnt[0]_i_1_n_0 | reset_IBUF       |                8 |             32 |
|  u0/clk_gen/inst/clk_out1 |                        | reset_IBUF       |               16 |             49 |
+---------------------------+------------------------+------------------+------------------+----------------+


