Copyright 1986-2019 Xilinx, Inc. All Rights Reserved.
-----------------------------------------------------------------------------------------------------------------------------------------------------------------------------------------------
| Tool Version : Vivado v.2019.2 (win64) Build 2708876 Wed Nov  6 21:40:23 MST 2019
| Date         : Wed May 14 09:59:14 2025
| Host         : NoteKihyun running 64-bit major release  (build 9200)
| Command      : report_timing_summary -max_paths 10 -file lfsr_top_timing_summary_routed.rpt -pb lfsr_top_timing_summary_routed.pb -rpx lfsr_top_timing_summary_routed.rpx -warn_on_violation
| Design       : lfsr_top
| Device       : 7z010-clg400
| Speed File   : -1  PRODUCTION 1.11 2014-09-11
-----------------------------------------------------------------------------------------------------------------------------------------------------------------------------------------------

Timing Summary Report

------------------------------------------------------------------------------------------------
| Timer Settings
| --------------
------------------------------------------------------------------------------------------------

  Enable Multi Corner Analysis               :  Yes
  Enable Pessimism Removal                   :  Yes
  Pessimism Removal Resolution               :  Nearest Common Node
  Enable Input Delay Default Clock           :  No
  Enable Preset / Clear Arcs                 :  No
  Disable Flight Delays                      :  No
  Ignore I/O Paths                           :  No
  Timing Early Launch at Borrowing Latches   :  No
  Borrow Time for Max Delay Exceptions       :  Yes
  Merge Timing Exceptions                    :  Yes

  Corner  Analyze    Analyze    
  Name    Max Paths  Min Paths  
  ------  ---------  ---------  
  Slow    Yes        Yes        
  Fast    Yes        Yes        



check_timing report

Table of Contents
-----------------
1. checking no_clock
2. checking constant_clock
3. checking pulse_width_clock
4. checking unconstrained_internal_endpoints
5. checking no_input_delay
6. checking no_output_delay
7. checking multiple_clock
8. checking generated_clocks
9. checking loops
10. checking partial_input_delay
11. checking partial_output_delay
12. checking latch_loops

1. checking no_clock
--------------------
 There are 0 register/latch pins with no clock.


2. checking constant_clock
--------------------------
 There are 0 register/latch pins with constant_clock.


3. checking pulse_width_clock
-----------------------------
 There are 0 register/latch pins which need pulse_width check


4. checking unconstrained_internal_endpoints
--------------------------------------------
 There are 0 pins that are not constrained for maximum delay.

 There are 0 pins that are not constrained for maximum delay due to constant clock.


5. checking no_input_delay
--------------------------
 There is 1 input port with no input delay specified. (HIGH)

 There are 0 input ports with no input delay but user has a false path constraint.


6. checking no_output_delay
---------------------------
 There are 10 ports with no output delay specified. (HIGH)

 There are 0 ports with no output delay but user has a false path constraint

 There are 0 ports with no output delay but with a timing clock defined on it or propagating through it


7. checking multiple_clock
--------------------------
 There are 0 register/latch pins with multiple clocks.


8. checking generated_clocks
----------------------------
 There are 0 generated clocks that are not connected to a clock source.


9. checking loops
-----------------
 There are 0 combinational loops in the design.


10. checking partial_input_delay
--------------------------------
 There are 0 input ports with partial input delay specified.


11. checking partial_output_delay
---------------------------------
 There are 0 ports with partial output delay specified.


12. checking latch_loops
------------------------
 There are 0 combinational latch loops in the design through latch input



------------------------------------------------------------------------------------------------
| Design Timing Summary
| ---------------------
------------------------------------------------------------------------------------------------

    WNS(ns)      TNS(ns)  TNS Failing Endpoints  TNS Total Endpoints      WHS(ns)      THS(ns)  THS Failing Endpoints  THS Total Endpoints     WPWS(ns)     TPWS(ns)  TPWS Failing Endpoints  TPWS Total Endpoints  
    -------      -------  ---------------------  -------------------      -------      -------  ---------------------  -------------------     --------     --------  ----------------------  --------------------  
      8.233        0.000                      0                    7        0.205        0.000                      0                    7        2.000        0.000                       0                    13  


All user specified timing constraints are met.


------------------------------------------------------------------------------------------------
| Clock Summary
| -------------
------------------------------------------------------------------------------------------------

Clock                 Waveform(ns)         Period(ns)      Frequency(MHz)
-----                 ------------         ----------      --------------
clk                   {0.000 4.000}        8.000           125.000         
  clk_out1_clk_wiz_0  {0.000 5.000}        10.000          100.000         
  clkfbout_clk_wiz_0  {0.000 4.000}        8.000           125.000         


------------------------------------------------------------------------------------------------
| Intra Clock Table
| -----------------
------------------------------------------------------------------------------------------------

Clock                     WNS(ns)      TNS(ns)  TNS Failing Endpoints  TNS Total Endpoints      WHS(ns)      THS(ns)  THS Failing Endpoints  THS Total Endpoints     WPWS(ns)     TPWS(ns)  TPWS Failing Endpoints  TPWS Total Endpoints  
-----                     -------      -------  ---------------------  -------------------      -------      -------  ---------------------  -------------------     --------     --------  ----------------------  --------------------  
clk                                                                                                                                                                     2.000        0.000                       0                     1  
  clk_out1_clk_wiz_0        8.233        0.000                      0                    7        0.205        0.000                      0                    7        4.500        0.000                       0                     9  
  clkfbout_clk_wiz_0                                                                                                                                                    5.845        0.000                       0                     3  


------------------------------------------------------------------------------------------------
| Inter Clock Table
| -----------------
------------------------------------------------------------------------------------------------

From Clock    To Clock          WNS(ns)      TNS(ns)  TNS Failing Endpoints  TNS Total Endpoints      WHS(ns)      THS(ns)  THS Failing Endpoints  THS Total Endpoints  
----------    --------          -------      -------  ---------------------  -------------------      -------      -------  ---------------------  -------------------  


------------------------------------------------------------------------------------------------
| Other Path Groups Table
| -----------------------
------------------------------------------------------------------------------------------------

Path Group    From Clock    To Clock          WNS(ns)      TNS(ns)  TNS Failing Endpoints  TNS Total Endpoints      WHS(ns)      THS(ns)  THS Failing Endpoints  THS Total Endpoints  
----------    ----------    --------          -------      -------  ---------------------  -------------------      -------      -------  ---------------------  -------------------  


------------------------------------------------------------------------------------------------
| Timing Details
| --------------
------------------------------------------------------------------------------------------------


---------------------------------------------------------------------------------------------------
From Clock:  clk
  To Clock:  clk

Setup :           NA  Failing Endpoints,  Worst Slack           NA  ,  Total Violation           NA
Hold  :           NA  Failing Endpoints,  Worst Slack           NA  ,  Total Violation           NA
PW    :            0  Failing Endpoints,  Worst Slack        2.000ns,  Total Violation        0.000ns
---------------------------------------------------------------------------------------------------


Pulse Width Checks
--------------------------------------------------------------------------------------
Clock Name:         clk
Waveform(ns):       { 0.000 4.000 }
Period(ns):         8.000
Sources:            { clk }

Check Type        Corner  Lib Pin            Reference Pin  Required(ns)  Actual(ns)  Slack(ns)  Location         Pin
Min Period        n/a     MMCME2_ADV/CLKIN1  n/a            1.249         8.000       6.751      MMCME2_ADV_X0Y1  u0/clk_gen/inst/mmcm_adv_inst/CLKIN1
Max Period        n/a     MMCME2_ADV/CLKIN1  n/a            100.000       8.000       92.000     MMCME2_ADV_X0Y1  u0/clk_gen/inst/mmcm_adv_inst/CLKIN1
Low Pulse Width   Slow    MMCME2_ADV/CLKIN1  n/a            2.000         4.000       2.000      MMCME2_ADV_X0Y1  u0/clk_gen/inst/mmcm_adv_inst/CLKIN1
Low Pulse Width   Fast    MMCME2_ADV/CLKIN1  n/a            2.000         4.000       2.000      MMCME2_ADV_X0Y1  u0/clk_gen/inst/mmcm_adv_inst/CLKIN1
High Pulse Width  Fast    MMCME2_ADV/CLKIN1  n/a            2.000         4.000       2.000      MMCME2_ADV_X0Y1  u0/clk_gen/inst/mmcm_adv_inst/CLKIN1
High Pulse Width  Slow    MMCME2_ADV/CLKIN1  n/a            2.000         4.000       2.000      MMCME2_ADV_X0Y1  u0/clk_gen/inst/mmcm_adv_inst/CLKIN1



---------------------------------------------------------------------------------------------------
From Clock:  clk_out1_clk_wiz_0
  To Clock:  clk_out1_clk_wiz_0

Setup :            0  Failing Endpoints,  Worst Slack        8.233ns,  Total Violation        0.000ns
Hold  :            0  Failing Endpoints,  Worst Slack        0.205ns,  Total Violation        0.000ns
PW    :            0  Failing Endpoints,  Worst Slack        4.500ns,  Total Violation        0.000ns
---------------------------------------------------------------------------------------------------


Max Delay Paths
--------------------------------------------------------------------------------------
Slack (MET) :             8.233ns  (required time - arrival time)
  Source:                 u1/cnt_reg[1]/C
                            (rising edge-triggered cell FDCE clocked by clk_out1_clk_wiz_0  {rise@0.000ns fall@5.000ns period=10.000ns})
  Destination:            u1/clk_div_reg/D
                            (rising edge-triggered cell FDCE clocked by clk_out1_clk_wiz_0  {rise@0.000ns fall@5.000ns period=10.000ns})
  Path Group:             clk_out1_clk_wiz_0
  Path Type:              Setup (Max at Slow Process Corner)
  Requirement:            10.000ns  (clk_out1_clk_wiz_0 rise@10.000ns - clk_out1_clk_wiz_0 rise@0.000ns)
  Data Path Delay:        1.724ns  (logic 0.704ns (40.831%)  route 1.020ns (59.169%))
  Logic Levels:           2  (LUT2=1 LUT6=1)
  Clock Path Skew:        0.000ns (DCD - SCD + CPR)
    Destination Clock Delay (DCD):    -1.255ns = ( 8.745 - 10.000 ) 
    Source Clock Delay      (SCD):    -0.604ns
    Clock Pessimism Removal (CPR):    0.651ns
  Clock Uncertainty:      0.072ns  ((TSJ^2 + DJ^2)^1/2) / 2 + PE
    Total System Jitter     (TSJ):    0.071ns
    Discrete Jitter          (DJ):    0.125ns
    Phase Error              (PE):    0.000ns

    Location             Delay type                Incr(ns)  Path(ns)    Netlist Resource(s)
  -------------------------------------------------------------------    -------------------
                         (clock clk_out1_clk_wiz_0 rise edge)
                                                      0.000     0.000 r  
    K17                                               0.000     0.000 r  clk (IN)
                         net (fo=0)                   0.000     0.000    u0/clk_gen/inst/clk_in1
    K17                  IBUF (Prop_ibuf_I_O)         1.492     1.492 r  u0/clk_gen/inst/clkin1_ibufg/O
                         net (fo=1, routed)           1.285     2.777    u0/clk_gen/inst/clk_in1_clk_wiz_0
    MMCME2_ADV_X0Y1      MMCME2_ADV (Prop_mmcme2_adv_CLKIN1_CLKOUT0)
                                                     -6.996    -4.219 r  u0/clk_gen/inst/mmcm_adv_inst/CLKOUT0
                         net (fo=1, routed)           1.760    -2.459    u0/clk_gen/inst/clk_out1_clk_wiz_0
    BUFGCTRL_X0Y16       BUFG (Prop_bufg_I_O)         0.101    -2.358 r  u0/clk_gen/inst/clkout1_buf/O
                         net (fo=7, routed)           1.754    -0.604    u1/CLK
    SLICE_X43Y11         FDCE                                         r  u1/cnt_reg[1]/C
  -------------------------------------------------------------------    -------------------
    SLICE_X43Y11         FDCE (Prop_fdce_C_Q)         0.456    -0.148 f  u1/cnt_reg[1]/Q
                         net (fo=6, routed)           0.517     0.368    u1/cnt[1]
    SLICE_X42Y11         LUT2 (Prop_lut2_I0_O)        0.124     0.492 r  u1/clk_div/O
                         net (fo=1, routed)           0.504     0.996    u1/clk_div_n_0
    SLICE_X43Y11         LUT6 (Prop_lut6_I3_O)        0.124     1.120 r  u1/clk_div_i_1/O
                         net (fo=1, routed)           0.000     1.120    u1/clk_div_i_1_n_0
    SLICE_X43Y11         FDCE                                         r  u1/clk_div_reg/D
  -------------------------------------------------------------------    -------------------

                         (clock clk_out1_clk_wiz_0 rise edge)
                                                     10.000    10.000 r  
    K17                                               0.000    10.000 r  clk (IN)
                         net (fo=0)                   0.000    10.000    u0/clk_gen/inst/clk_in1
    K17                  IBUF (Prop_ibuf_I_O)         1.421    11.421 r  u0/clk_gen/inst/clkin1_ibufg/O
                         net (fo=1, routed)           1.162    12.583    u0/clk_gen/inst/clk_in1_clk_wiz_0
    MMCME2_ADV_X0Y1      MMCME2_ADV (Prop_mmcme2_adv_CLKIN1_CLKOUT0)
                                                     -7.105     5.478 r  u0/clk_gen/inst/mmcm_adv_inst/CLKOUT0
                         net (fo=1, routed)           1.599     7.077    u0/clk_gen/inst/clk_out1_clk_wiz_0
    BUFGCTRL_X0Y16       BUFG (Prop_bufg_I_O)         0.091     7.168 r  u0/clk_gen/inst/clkout1_buf/O
                         net (fo=7, routed)           1.576     8.745    u1/CLK
    SLICE_X43Y11         FDCE                                         r  u1/clk_div_reg/C
                         clock pessimism              0.651     9.396    
                         clock uncertainty           -0.072     9.324    
    SLICE_X43Y11         FDCE (Setup_fdce_C_D)        0.029     9.353    u1/clk_div_reg
  -------------------------------------------------------------------
                         required time                          9.353    
                         arrival time                          -1.120    
  -------------------------------------------------------------------
                         slack                                  8.233    

Slack (MET) :             8.422ns  (required time - arrival time)
  Source:                 u1/cnt_reg[3]/C
                            (rising edge-triggered cell FDCE clocked by clk_out1_clk_wiz_0  {rise@0.000ns fall@5.000ns period=10.000ns})
  Destination:            u1/cnt_reg[1]/D
                            (rising edge-triggered cell FDCE clocked by clk_out1_clk_wiz_0  {rise@0.000ns fall@5.000ns period=10.000ns})
  Path Group:             clk_out1_clk_wiz_0
  Path Type:              Setup (Max at Slow Process Corner)
  Requirement:            10.000ns  (clk_out1_clk_wiz_0 rise@10.000ns - clk_out1_clk_wiz_0 rise@0.000ns)
  Data Path Delay:        1.515ns  (logic 0.773ns (51.025%)  route 0.742ns (48.975%))
  Logic Levels:           1  (LUT6=1)
  Clock Path Skew:        -0.022ns (DCD - SCD + CPR)
    Destination Clock Delay (DCD):    -1.255ns = ( 8.745 - 10.000 ) 
    Source Clock Delay      (SCD):    -0.604ns
    Clock Pessimism Removal (CPR):    0.629ns
  Clock Uncertainty:      0.072ns  ((TSJ^2 + DJ^2)^1/2) / 2 + PE
    Total System Jitter     (TSJ):    0.071ns
    Discrete Jitter          (DJ):    0.125ns
    Phase Error              (PE):    0.000ns

    Location             Delay type                Incr(ns)  Path(ns)    Netlist Resource(s)
  -------------------------------------------------------------------    -------------------
                         (clock clk_out1_clk_wiz_0 rise edge)
                                                      0.000     0.000 r  
    K17                                               0.000     0.000 r  clk (IN)
                         net (fo=0)                   0.000     0.000    u0/clk_gen/inst/clk_in1
    K17                  IBUF (Prop_ibuf_I_O)         1.492     1.492 r  u0/clk_gen/inst/clkin1_ibufg/O
                         net (fo=1, routed)           1.285     2.777    u0/clk_gen/inst/clk_in1_clk_wiz_0
    MMCME2_ADV_X0Y1      MMCME2_ADV (Prop_mmcme2_adv_CLKIN1_CLKOUT0)
                                                     -6.996    -4.219 r  u0/clk_gen/inst/mmcm_adv_inst/CLKOUT0
                         net (fo=1, routed)           1.760    -2.459    u0/clk_gen/inst/clk_out1_clk_wiz_0
    BUFGCTRL_X0Y16       BUFG (Prop_bufg_I_O)         0.101    -2.358 r  u0/clk_gen/inst/clkout1_buf/O
                         net (fo=7, routed)           1.754    -0.604    u1/CLK
    SLICE_X42Y11         FDCE                                         r  u1/cnt_reg[3]/C
  -------------------------------------------------------------------    -------------------
    SLICE_X42Y11         FDCE (Prop_fdce_C_Q)         0.478    -0.126 r  u1/cnt_reg[3]/Q
                         net (fo=5, routed)           0.742     0.616    u1/cnt[3]
    SLICE_X43Y11         LUT6 (Prop_lut6_I1_O)        0.295     0.911 r  u1/cnt[1]_i_1/O
                         net (fo=1, routed)           0.000     0.911    u1/cnt_0[1]
    SLICE_X43Y11         FDCE                                         r  u1/cnt_reg[1]/D
  -------------------------------------------------------------------    -------------------

                         (clock clk_out1_clk_wiz_0 rise edge)
                                                     10.000    10.000 r  
    K17                                               0.000    10.000 r  clk (IN)
                         net (fo=0)                   0.000    10.000    u0/clk_gen/inst/clk_in1
    K17                  IBUF (Prop_ibuf_I_O)         1.421    11.421 r  u0/clk_gen/inst/clkin1_ibufg/O
                         net (fo=1, routed)           1.162    12.583    u0/clk_gen/inst/clk_in1_clk_wiz_0
    MMCME2_ADV_X0Y1      MMCME2_ADV (Prop_mmcme2_adv_CLKIN1_CLKOUT0)
                                                     -7.105     5.478 r  u0/clk_gen/inst/mmcm_adv_inst/CLKOUT0
                         net (fo=1, routed)           1.599     7.077    u0/clk_gen/inst/clk_out1_clk_wiz_0
    BUFGCTRL_X0Y16       BUFG (Prop_bufg_I_O)         0.091     7.168 r  u0/clk_gen/inst/clkout1_buf/O
                         net (fo=7, routed)           1.576     8.745    u1/CLK
    SLICE_X43Y11         FDCE                                         r  u1/cnt_reg[1]/C
                         clock pessimism              0.629     9.374    
                         clock uncertainty           -0.072     9.302    
    SLICE_X43Y11         FDCE (Setup_fdce_C_D)        0.031     9.333    u1/cnt_reg[1]
  -------------------------------------------------------------------
                         required time                          9.333    
                         arrival time                          -0.911    
  -------------------------------------------------------------------
                         slack                                  8.422    

Slack (MET) :             8.476ns  (required time - arrival time)
  Source:                 u1/cnt_reg[3]/C
                            (rising edge-triggered cell FDCE clocked by clk_out1_clk_wiz_0  {rise@0.000ns fall@5.000ns period=10.000ns})
  Destination:            u1/cnt_reg[5]/D
                            (rising edge-triggered cell FDCE clocked by clk_out1_clk_wiz_0  {rise@0.000ns fall@5.000ns period=10.000ns})
  Path Group:             clk_out1_clk_wiz_0
  Path Type:              Setup (Max at Slow Process Corner)
  Requirement:            10.000ns  (clk_out1_clk_wiz_0 rise@10.000ns - clk_out1_clk_wiz_0 rise@0.000ns)
  Data Path Delay:        1.463ns  (logic 0.773ns (52.855%)  route 0.690ns (47.145%))
  Logic Levels:           1  (LUT6=1)
  Clock Path Skew:        -0.022ns (DCD - SCD + CPR)
    Destination Clock Delay (DCD):    -1.255ns = ( 8.745 - 10.000 ) 
    Source Clock Delay      (SCD):    -0.604ns
    Clock Pessimism Removal (CPR):    0.629ns
  Clock Uncertainty:      0.072ns  ((TSJ^2 + DJ^2)^1/2) / 2 + PE
    Total System Jitter     (TSJ):    0.071ns
    Discrete Jitter          (DJ):    0.125ns
    Phase Error              (PE):    0.000ns

    Location             Delay type                Incr(ns)  Path(ns)    Netlist Resource(s)
  -------------------------------------------------------------------    -------------------
                         (clock clk_out1_clk_wiz_0 rise edge)
                                                      0.000     0.000 r  
    K17                                               0.000     0.000 r  clk (IN)
                         net (fo=0)                   0.000     0.000    u0/clk_gen/inst/clk_in1
    K17                  IBUF (Prop_ibuf_I_O)         1.492     1.492 r  u0/clk_gen/inst/clkin1_ibufg/O
                         net (fo=1, routed)           1.285     2.777    u0/clk_gen/inst/clk_in1_clk_wiz_0
    MMCME2_ADV_X0Y1      MMCME2_ADV (Prop_mmcme2_adv_CLKIN1_CLKOUT0)
                                                     -6.996    -4.219 r  u0/clk_gen/inst/mmcm_adv_inst/CLKOUT0
                         net (fo=1, routed)           1.760    -2.459    u0/clk_gen/inst/clk_out1_clk_wiz_0
    BUFGCTRL_X0Y16       BUFG (Prop_bufg_I_O)         0.101    -2.358 r  u0/clk_gen/inst/clkout1_buf/O
                         net (fo=7, routed)           1.754    -0.604    u1/CLK
    SLICE_X42Y11         FDCE                                         r  u1/cnt_reg[3]/C
  -------------------------------------------------------------------    -------------------
    SLICE_X42Y11         FDCE (Prop_fdce_C_Q)         0.478    -0.126 r  u1/cnt_reg[3]/Q
                         net (fo=5, routed)           0.690     0.563    u1/cnt[3]
    SLICE_X43Y11         LUT6 (Prop_lut6_I1_O)        0.295     0.858 r  u1/cnt[5]_i_1/O
                         net (fo=1, routed)           0.000     0.858    u1/cnt_0[5]
    SLICE_X43Y11         FDCE                                         r  u1/cnt_reg[5]/D
  -------------------------------------------------------------------    -------------------

                         (clock clk_out1_clk_wiz_0 rise edge)
                                                     10.000    10.000 r  
    K17                                               0.000    10.000 r  clk (IN)
                         net (fo=0)                   0.000    10.000    u0/clk_gen/inst/clk_in1
    K17                  IBUF (Prop_ibuf_I_O)         1.421    11.421 r  u0/clk_gen/inst/clkin1_ibufg/O
                         net (fo=1, routed)           1.162    12.583    u0/clk_gen/inst/clk_in1_clk_wiz_0
    MMCME2_ADV_X0Y1      MMCME2_ADV (Prop_mmcme2_adv_CLKIN1_CLKOUT0)
                                                     -7.105     5.478 r  u0/clk_gen/inst/mmcm_adv_inst/CLKOUT0
                         net (fo=1, routed)           1.599     7.077    u0/clk_gen/inst/clk_out1_clk_wiz_0
    BUFGCTRL_X0Y16       BUFG (Prop_bufg_I_O)         0.091     7.168 r  u0/clk_gen/inst/clkout1_buf/O
                         net (fo=7, routed)           1.576     8.745    u1/CLK
    SLICE_X43Y11         FDCE                                         r  u1/cnt_reg[5]/C
                         clock pessimism              0.629     9.374    
                         clock uncertainty           -0.072     9.302    
    SLICE_X43Y11         FDCE (Setup_fdce_C_D)        0.032     9.334    u1/cnt_reg[5]
  -------------------------------------------------------------------
                         required time                          9.334    
                         arrival time                          -0.858    
  -------------------------------------------------------------------
                         slack                                  8.476    

Slack (MET) :             8.477ns  (required time - arrival time)
  Source:                 u1/cnt_reg[3]/C
                            (rising edge-triggered cell FDCE clocked by clk_out1_clk_wiz_0  {rise@0.000ns fall@5.000ns period=10.000ns})
  Destination:            u1/cnt_reg[4]/D
                            (rising edge-triggered cell FDCE clocked by clk_out1_clk_wiz_0  {rise@0.000ns fall@5.000ns period=10.000ns})
  Path Group:             clk_out1_clk_wiz_0
  Path Type:              Setup (Max at Slow Process Corner)
  Requirement:            10.000ns  (clk_out1_clk_wiz_0 rise@10.000ns - clk_out1_clk_wiz_0 rise@0.000ns)
  Data Path Delay:        1.461ns  (logic 0.773ns (52.927%)  route 0.688ns (47.073%))
  Logic Levels:           1  (LUT6=1)
  Clock Path Skew:        -0.022ns (DCD - SCD + CPR)
    Destination Clock Delay (DCD):    -1.255ns = ( 8.745 - 10.000 ) 
    Source Clock Delay      (SCD):    -0.604ns
    Clock Pessimism Removal (CPR):    0.629ns
  Clock Uncertainty:      0.072ns  ((TSJ^2 + DJ^2)^1/2) / 2 + PE
    Total System Jitter     (TSJ):    0.071ns
    Discrete Jitter          (DJ):    0.125ns
    Phase Error              (PE):    0.000ns

    Location             Delay type                Incr(ns)  Path(ns)    Netlist Resource(s)
  -------------------------------------------------------------------    -------------------
                         (clock clk_out1_clk_wiz_0 rise edge)
                                                      0.000     0.000 r  
    K17                                               0.000     0.000 r  clk (IN)
                         net (fo=0)                   0.000     0.000    u0/clk_gen/inst/clk_in1
    K17                  IBUF (Prop_ibuf_I_O)         1.492     1.492 r  u0/clk_gen/inst/clkin1_ibufg/O
                         net (fo=1, routed)           1.285     2.777    u0/clk_gen/inst/clk_in1_clk_wiz_0
    MMCME2_ADV_X0Y1      MMCME2_ADV (Prop_mmcme2_adv_CLKIN1_CLKOUT0)
                                                     -6.996    -4.219 r  u0/clk_gen/inst/mmcm_adv_inst/CLKOUT0
                         net (fo=1, routed)           1.760    -2.459    u0/clk_gen/inst/clk_out1_clk_wiz_0
    BUFGCTRL_X0Y16       BUFG (Prop_bufg_I_O)         0.101    -2.358 r  u0/clk_gen/inst/clkout1_buf/O
                         net (fo=7, routed)           1.754    -0.604    u1/CLK
    SLICE_X42Y11         FDCE                                         r  u1/cnt_reg[3]/C
  -------------------------------------------------------------------    -------------------
    SLICE_X42Y11         FDCE (Prop_fdce_C_Q)         0.478    -0.126 r  u1/cnt_reg[3]/Q
                         net (fo=5, routed)           0.688     0.561    u1/cnt[3]
    SLICE_X43Y11         LUT6 (Prop_lut6_I1_O)        0.295     0.856 r  u1/cnt[4]_i_1/O
                         net (fo=1, routed)           0.000     0.856    u1/cnt_0[4]
    SLICE_X43Y11         FDCE                                         r  u1/cnt_reg[4]/D
  -------------------------------------------------------------------    -------------------

                         (clock clk_out1_clk_wiz_0 rise edge)
                                                     10.000    10.000 r  
    K17                                               0.000    10.000 r  clk (IN)
                         net (fo=0)                   0.000    10.000    u0/clk_gen/inst/clk_in1
    K17                  IBUF (Prop_ibuf_I_O)         1.421    11.421 r  u0/clk_gen/inst/clkin1_ibufg/O
                         net (fo=1, routed)           1.162    12.583    u0/clk_gen/inst/clk_in1_clk_wiz_0
    MMCME2_ADV_X0Y1      MMCME2_ADV (Prop_mmcme2_adv_CLKIN1_CLKOUT0)
                                                     -7.105     5.478 r  u0/clk_gen/inst/mmcm_adv_inst/CLKOUT0
                         net (fo=1, routed)           1.599     7.077    u0/clk_gen/inst/clk_out1_clk_wiz_0
    BUFGCTRL_X0Y16       BUFG (Prop_bufg_I_O)         0.091     7.168 r  u0/clk_gen/inst/clkout1_buf/O
                         net (fo=7, routed)           1.576     8.745    u1/CLK
    SLICE_X43Y11         FDCE                                         r  u1/cnt_reg[4]/C
                         clock pessimism              0.629     9.374    
                         clock uncertainty           -0.072     9.302    
    SLICE_X43Y11         FDCE (Setup_fdce_C_D)        0.031     9.333    u1/cnt_reg[4]
  -------------------------------------------------------------------
                         required time                          9.333    
                         arrival time                          -0.856    
  -------------------------------------------------------------------
                         slack                                  8.477    

Slack (MET) :             8.646ns  (required time - arrival time)
  Source:                 u1/cnt_reg[0]/C
                            (rising edge-triggered cell FDCE clocked by clk_out1_clk_wiz_0  {rise@0.000ns fall@5.000ns period=10.000ns})
  Destination:            u1/cnt_reg[2]/D
                            (rising edge-triggered cell FDCE clocked by clk_out1_clk_wiz_0  {rise@0.000ns fall@5.000ns period=10.000ns})
  Path Group:             clk_out1_clk_wiz_0
  Path Type:              Setup (Max at Slow Process Corner)
  Requirement:            10.000ns  (clk_out1_clk_wiz_0 rise@10.000ns - clk_out1_clk_wiz_0 rise@0.000ns)
  Data Path Delay:        1.360ns  (logic 0.642ns (47.218%)  route 0.718ns (52.782%))
  Logic Levels:           1  (LUT3=1)
  Clock Path Skew:        0.000ns (DCD - SCD + CPR)
    Destination Clock Delay (DCD):    -1.255ns = ( 8.745 - 10.000 ) 
    Source Clock Delay      (SCD):    -0.604ns
    Clock Pessimism Removal (CPR):    0.651ns
  Clock Uncertainty:      0.072ns  ((TSJ^2 + DJ^2)^1/2) / 2 + PE
    Total System Jitter     (TSJ):    0.071ns
    Discrete Jitter          (DJ):    0.125ns
    Phase Error              (PE):    0.000ns

    Location             Delay type                Incr(ns)  Path(ns)    Netlist Resource(s)
  -------------------------------------------------------------------    -------------------
                         (clock clk_out1_clk_wiz_0 rise edge)
                                                      0.000     0.000 r  
    K17                                               0.000     0.000 r  clk (IN)
                         net (fo=0)                   0.000     0.000    u0/clk_gen/inst/clk_in1
    K17                  IBUF (Prop_ibuf_I_O)         1.492     1.492 r  u0/clk_gen/inst/clkin1_ibufg/O
                         net (fo=1, routed)           1.285     2.777    u0/clk_gen/inst/clk_in1_clk_wiz_0
    MMCME2_ADV_X0Y1      MMCME2_ADV (Prop_mmcme2_adv_CLKIN1_CLKOUT0)
                                                     -6.996    -4.219 r  u0/clk_gen/inst/mmcm_adv_inst/CLKOUT0
                         net (fo=1, routed)           1.760    -2.459    u0/clk_gen/inst/clk_out1_clk_wiz_0
    BUFGCTRL_X0Y16       BUFG (Prop_bufg_I_O)         0.101    -2.358 r  u0/clk_gen/inst/clkout1_buf/O
                         net (fo=7, routed)           1.754    -0.604    u1/CLK
    SLICE_X42Y11         FDCE                                         r  u1/cnt_reg[0]/C
  -------------------------------------------------------------------    -------------------
    SLICE_X42Y11         FDCE (Prop_fdce_C_Q)         0.518    -0.086 r  u1/cnt_reg[0]/Q
                         net (fo=7, routed)           0.718     0.631    u1/cnt[0]
    SLICE_X42Y11         LUT3 (Prop_lut3_I0_O)        0.124     0.755 r  u1/cnt[2]_i_1/O
                         net (fo=1, routed)           0.000     0.755    u1/cnt_0[2]
    SLICE_X42Y11         FDCE                                         r  u1/cnt_reg[2]/D
  -------------------------------------------------------------------    -------------------

                         (clock clk_out1_clk_wiz_0 rise edge)
                                                     10.000    10.000 r  
    K17                                               0.000    10.000 r  clk (IN)
                         net (fo=0)                   0.000    10.000    u0/clk_gen/inst/clk_in1
    K17                  IBUF (Prop_ibuf_I_O)         1.421    11.421 r  u0/clk_gen/inst/clkin1_ibufg/O
                         net (fo=1, routed)           1.162    12.583    u0/clk_gen/inst/clk_in1_clk_wiz_0
    MMCME2_ADV_X0Y1      MMCME2_ADV (Prop_mmcme2_adv_CLKIN1_CLKOUT0)
                                                     -7.105     5.478 r  u0/clk_gen/inst/mmcm_adv_inst/CLKOUT0
                         net (fo=1, routed)           1.599     7.077    u0/clk_gen/inst/clk_out1_clk_wiz_0
    BUFGCTRL_X0Y16       BUFG (Prop_bufg_I_O)         0.091     7.168 r  u0/clk_gen/inst/clkout1_buf/O
                         net (fo=7, routed)           1.576     8.745    u1/CLK
    SLICE_X42Y11         FDCE                                         r  u1/cnt_reg[2]/C
                         clock pessimism              0.651     9.396    
                         clock uncertainty           -0.072     9.324    
    SLICE_X42Y11         FDCE (Setup_fdce_C_D)        0.077     9.401    u1/cnt_reg[2]
  -------------------------------------------------------------------
                         required time                          9.401    
                         arrival time                          -0.755    
  -------------------------------------------------------------------
                         slack                                  8.646    

Slack (MET) :             8.658ns  (required time - arrival time)
  Source:                 u1/cnt_reg[0]/C
                            (rising edge-triggered cell FDCE clocked by clk_out1_clk_wiz_0  {rise@0.000ns fall@5.000ns period=10.000ns})
  Destination:            u1/cnt_reg[0]/D
                            (rising edge-triggered cell FDCE clocked by clk_out1_clk_wiz_0  {rise@0.000ns fall@5.000ns period=10.000ns})
  Path Group:             clk_out1_clk_wiz_0
  Path Type:              Setup (Max at Slow Process Corner)
  Requirement:            10.000ns  (clk_out1_clk_wiz_0 rise@10.000ns - clk_out1_clk_wiz_0 rise@0.000ns)
  Data Path Delay:        1.352ns  (logic 0.642ns (47.497%)  route 0.710ns (52.503%))
  Logic Levels:           1  (LUT1=1)
  Clock Path Skew:        0.000ns (DCD - SCD + CPR)
    Destination Clock Delay (DCD):    -1.255ns = ( 8.745 - 10.000 ) 
    Source Clock Delay      (SCD):    -0.604ns
    Clock Pessimism Removal (CPR):    0.651ns
  Clock Uncertainty:      0.072ns  ((TSJ^2 + DJ^2)^1/2) / 2 + PE
    Total System Jitter     (TSJ):    0.071ns
    Discrete Jitter          (DJ):    0.125ns
    Phase Error              (PE):    0.000ns

    Location             Delay type                Incr(ns)  Path(ns)    Netlist Resource(s)
  -------------------------------------------------------------------    -------------------
                         (clock clk_out1_clk_wiz_0 rise edge)
                                                      0.000     0.000 r  
    K17                                               0.000     0.000 r  clk (IN)
                         net (fo=0)                   0.000     0.000    u0/clk_gen/inst/clk_in1
    K17                  IBUF (Prop_ibuf_I_O)         1.492     1.492 r  u0/clk_gen/inst/clkin1_ibufg/O
                         net (fo=1, routed)           1.285     2.777    u0/clk_gen/inst/clk_in1_clk_wiz_0
    MMCME2_ADV_X0Y1      MMCME2_ADV (Prop_mmcme2_adv_CLKIN1_CLKOUT0)
                                                     -6.996    -4.219 r  u0/clk_gen/inst/mmcm_adv_inst/CLKOUT0
                         net (fo=1, routed)           1.760    -2.459    u0/clk_gen/inst/clk_out1_clk_wiz_0
    BUFGCTRL_X0Y16       BUFG (Prop_bufg_I_O)         0.101    -2.358 r  u0/clk_gen/inst/clkout1_buf/O
                         net (fo=7, routed)           1.754    -0.604    u1/CLK
    SLICE_X42Y11         FDCE                                         r  u1/cnt_reg[0]/C
  -------------------------------------------------------------------    -------------------
    SLICE_X42Y11         FDCE (Prop_fdce_C_Q)         0.518    -0.086 f  u1/cnt_reg[0]/Q
                         net (fo=7, routed)           0.710     0.623    u1/cnt[0]
    SLICE_X42Y11         LUT1 (Prop_lut1_I0_O)        0.124     0.747 r  u1/cnt[0]_i_1/O
                         net (fo=1, routed)           0.000     0.747    u1/cnt[0]_i_1_n_0
    SLICE_X42Y11         FDCE                                         r  u1/cnt_reg[0]/D
  -------------------------------------------------------------------    -------------------

                         (clock clk_out1_clk_wiz_0 rise edge)
                                                     10.000    10.000 r  
    K17                                               0.000    10.000 r  clk (IN)
                         net (fo=0)                   0.000    10.000    u0/clk_gen/inst/clk_in1
    K17                  IBUF (Prop_ibuf_I_O)         1.421    11.421 r  u0/clk_gen/inst/clkin1_ibufg/O
                         net (fo=1, routed)           1.162    12.583    u0/clk_gen/inst/clk_in1_clk_wiz_0
    MMCME2_ADV_X0Y1      MMCME2_ADV (Prop_mmcme2_adv_CLKIN1_CLKOUT0)
                                                     -7.105     5.478 r  u0/clk_gen/inst/mmcm_adv_inst/CLKOUT0
                         net (fo=1, routed)           1.599     7.077    u0/clk_gen/inst/clk_out1_clk_wiz_0
    BUFGCTRL_X0Y16       BUFG (Prop_bufg_I_O)         0.091     7.168 r  u0/clk_gen/inst/clkout1_buf/O
                         net (fo=7, routed)           1.576     8.745    u1/CLK
    SLICE_X42Y11         FDCE                                         r  u1/cnt_reg[0]/C
                         clock pessimism              0.651     9.396    
                         clock uncertainty           -0.072     9.324    
    SLICE_X42Y11         FDCE (Setup_fdce_C_D)        0.081     9.405    u1/cnt_reg[0]
  -------------------------------------------------------------------
                         required time                          9.405    
                         arrival time                          -0.747    
  -------------------------------------------------------------------
                         slack                                  8.658    

Slack (MET) :             8.665ns  (required time - arrival time)
  Source:                 u1/cnt_reg[0]/C
                            (rising edge-triggered cell FDCE clocked by clk_out1_clk_wiz_0  {rise@0.000ns fall@5.000ns period=10.000ns})
  Destination:            u1/cnt_reg[3]/D
                            (rising edge-triggered cell FDCE clocked by clk_out1_clk_wiz_0  {rise@0.000ns fall@5.000ns period=10.000ns})
  Path Group:             clk_out1_clk_wiz_0
  Path Type:              Setup (Max at Slow Process Corner)
  Requirement:            10.000ns  (clk_out1_clk_wiz_0 rise@10.000ns - clk_out1_clk_wiz_0 rise@0.000ns)
  Data Path Delay:        1.382ns  (logic 0.664ns (48.058%)  route 0.718ns (51.942%))
  Logic Levels:           1  (LUT4=1)
  Clock Path Skew:        0.000ns (DCD - SCD + CPR)
    Destination Clock Delay (DCD):    -1.255ns = ( 8.745 - 10.000 ) 
    Source Clock Delay      (SCD):    -0.604ns
    Clock Pessimism Removal (CPR):    0.651ns
  Clock Uncertainty:      0.072ns  ((TSJ^2 + DJ^2)^1/2) / 2 + PE
    Total System Jitter     (TSJ):    0.071ns
    Discrete Jitter          (DJ):    0.125ns
    Phase Error              (PE):    0.000ns

    Location             Delay type                Incr(ns)  Path(ns)    Netlist Resource(s)
  -------------------------------------------------------------------    -------------------
                         (clock clk_out1_clk_wiz_0 rise edge)
                                                      0.000     0.000 r  
    K17                                               0.000     0.000 r  clk (IN)
                         net (fo=0)                   0.000     0.000    u0/clk_gen/inst/clk_in1
    K17                  IBUF (Prop_ibuf_I_O)         1.492     1.492 r  u0/clk_gen/inst/clkin1_ibufg/O
                         net (fo=1, routed)           1.285     2.777    u0/clk_gen/inst/clk_in1_clk_wiz_0
    MMCME2_ADV_X0Y1      MMCME2_ADV (Prop_mmcme2_adv_CLKIN1_CLKOUT0)
                                                     -6.996    -4.219 r  u0/clk_gen/inst/mmcm_adv_inst/CLKOUT0
                         net (fo=1, routed)           1.760    -2.459    u0/clk_gen/inst/clk_out1_clk_wiz_0
    BUFGCTRL_X0Y16       BUFG (Prop_bufg_I_O)         0.101    -2.358 r  u0/clk_gen/inst/clkout1_buf/O
                         net (fo=7, routed)           1.754    -0.604    u1/CLK
    SLICE_X42Y11         FDCE                                         r  u1/cnt_reg[0]/C
  -------------------------------------------------------------------    -------------------
    SLICE_X42Y11         FDCE (Prop_fdce_C_Q)         0.518    -0.086 r  u1/cnt_reg[0]/Q
                         net (fo=7, routed)           0.718     0.631    u1/cnt[0]
    SLICE_X42Y11         LUT4 (Prop_lut4_I0_O)        0.146     0.777 r  u1/cnt[3]_i_1/O
                         net (fo=1, routed)           0.000     0.777    u1/cnt_0[3]
    SLICE_X42Y11         FDCE                                         r  u1/cnt_reg[3]/D
  -------------------------------------------------------------------    -------------------

                         (clock clk_out1_clk_wiz_0 rise edge)
                                                     10.000    10.000 r  
    K17                                               0.000    10.000 r  clk (IN)
                         net (fo=0)                   0.000    10.000    u0/clk_gen/inst/clk_in1
    K17                  IBUF (Prop_ibuf_I_O)         1.421    11.421 r  u0/clk_gen/inst/clkin1_ibufg/O
                         net (fo=1, routed)           1.162    12.583    u0/clk_gen/inst/clk_in1_clk_wiz_0
    MMCME2_ADV_X0Y1      MMCME2_ADV (Prop_mmcme2_adv_CLKIN1_CLKOUT0)
                                                     -7.105     5.478 r  u0/clk_gen/inst/mmcm_adv_inst/CLKOUT0
                         net (fo=1, routed)           1.599     7.077    u0/clk_gen/inst/clk_out1_clk_wiz_0
    BUFGCTRL_X0Y16       BUFG (Prop_bufg_I_O)         0.091     7.168 r  u0/clk_gen/inst/clkout1_buf/O
                         net (fo=7, routed)           1.576     8.745    u1/CLK
    SLICE_X42Y11         FDCE                                         r  u1/cnt_reg[3]/C
                         clock pessimism              0.651     9.396    
                         clock uncertainty           -0.072     9.324    
    SLICE_X42Y11         FDCE (Setup_fdce_C_D)        0.118     9.442    u1/cnt_reg[3]
  -------------------------------------------------------------------
                         required time                          9.442    
                         arrival time                          -0.777    
  -------------------------------------------------------------------
                         slack                                  8.665    





Min Delay Paths
--------------------------------------------------------------------------------------
Slack (MET) :             0.205ns  (arrival time - required time)
  Source:                 u1/cnt_reg[1]/C
                            (rising edge-triggered cell FDCE clocked by clk_out1_clk_wiz_0  {rise@0.000ns fall@5.000ns period=10.000ns})
  Destination:            u1/cnt_reg[3]/D
                            (rising edge-triggered cell FDCE clocked by clk_out1_clk_wiz_0  {rise@0.000ns fall@5.000ns period=10.000ns})
  Path Group:             clk_out1_clk_wiz_0
  Path Type:              Hold (Min at Fast Process Corner)
  Requirement:            0.000ns  (clk_out1_clk_wiz_0 rise@0.000ns - clk_out1_clk_wiz_0 rise@0.000ns)
  Data Path Delay:        0.349ns  (logic 0.187ns (53.565%)  route 0.162ns (46.435%))
  Logic Levels:           1  (LUT4=1)
  Clock Path Skew:        0.013ns (DCD - SCD - CPR)
    Destination Clock Delay (DCD):    -0.702ns
    Source Clock Delay      (SCD):    -0.468ns
    Clock Pessimism Removal (CPR):    -0.246ns

    Location             Delay type                Incr(ns)  Path(ns)    Netlist Resource(s)
  -------------------------------------------------------------------    -------------------
                         (clock clk_out1_clk_wiz_0 rise edge)
                                                      0.000     0.000 r  
    K17                                               0.000     0.000 r  clk (IN)
                         net (fo=0)                   0.000     0.000    u0/clk_gen/inst/clk_in1
    K17                  IBUF (Prop_ibuf_I_O)         0.259     0.259 r  u0/clk_gen/inst/clkin1_ibufg/O
                         net (fo=1, routed)           0.440     0.700    u0/clk_gen/inst/clk_in1_clk_wiz_0
    MMCME2_ADV_X0Y1      MMCME2_ADV (Prop_mmcme2_adv_CLKIN1_CLKOUT0)
                                                     -2.268    -1.568 r  u0/clk_gen/inst/mmcm_adv_inst/CLKOUT0
                         net (fo=1, routed)           0.482    -1.086    u0/clk_gen/inst/clk_out1_clk_wiz_0
    BUFGCTRL_X0Y16       BUFG (Prop_bufg_I_O)         0.026    -1.060 r  u0/clk_gen/inst/clkout1_buf/O
                         net (fo=7, routed)           0.592    -0.468    u1/CLK
    SLICE_X43Y11         FDCE                                         r  u1/cnt_reg[1]/C
  -------------------------------------------------------------------    -------------------
    SLICE_X43Y11         FDCE (Prop_fdce_C_Q)         0.141    -0.327 r  u1/cnt_reg[1]/Q
                         net (fo=6, routed)           0.162    -0.165    u1/cnt[1]
    SLICE_X42Y11         LUT4 (Prop_lut4_I3_O)        0.046    -0.119 r  u1/cnt[3]_i_1/O
                         net (fo=1, routed)           0.000    -0.119    u1/cnt_0[3]
    SLICE_X42Y11         FDCE                                         r  u1/cnt_reg[3]/D
  -------------------------------------------------------------------    -------------------

                         (clock clk_out1_clk_wiz_0 rise edge)
                                                      0.000     0.000 r  
    K17                                               0.000     0.000 r  clk (IN)
                         net (fo=0)                   0.000     0.000    u0/clk_gen/inst/clk_in1
    K17                  IBUF (Prop_ibuf_I_O)         0.447     0.447 r  u0/clk_gen/inst/clkin1_ibufg/O
                         net (fo=1, routed)           0.480     0.927    u0/clk_gen/inst/clk_in1_clk_wiz_0
    MMCME2_ADV_X0Y1      MMCME2_ADV (Prop_mmcme2_adv_CLKIN1_CLKOUT0)
                                                     -3.047    -2.120 r  u0/clk_gen/inst/mmcm_adv_inst/CLKOUT0
                         net (fo=1, routed)           0.528    -1.592    u0/clk_gen/inst/clk_out1_clk_wiz_0
    BUFGCTRL_X0Y16       BUFG (Prop_bufg_I_O)         0.029    -1.563 r  u0/clk_gen/inst/clkout1_buf/O
                         net (fo=7, routed)           0.861    -0.702    u1/CLK
    SLICE_X42Y11         FDCE                                         r  u1/cnt_reg[3]/C
                         clock pessimism              0.246    -0.455    
    SLICE_X42Y11         FDCE (Hold_fdce_C_D)         0.131    -0.324    u1/cnt_reg[3]
  -------------------------------------------------------------------
                         required time                          0.324    
                         arrival time                          -0.119    
  -------------------------------------------------------------------
                         slack                                  0.205    

Slack (MET) :             0.210ns  (arrival time - required time)
  Source:                 u1/cnt_reg[0]/C
                            (rising edge-triggered cell FDCE clocked by clk_out1_clk_wiz_0  {rise@0.000ns fall@5.000ns period=10.000ns})
  Destination:            u1/cnt_reg[4]/D
                            (rising edge-triggered cell FDCE clocked by clk_out1_clk_wiz_0  {rise@0.000ns fall@5.000ns period=10.000ns})
  Path Group:             clk_out1_clk_wiz_0
  Path Type:              Hold (Min at Fast Process Corner)
  Requirement:            0.000ns  (clk_out1_clk_wiz_0 rise@0.000ns - clk_out1_clk_wiz_0 rise@0.000ns)
  Data Path Delay:        0.315ns  (logic 0.209ns (66.422%)  route 0.106ns (33.578%))
  Logic Levels:           1  (LUT6=1)
  Clock Path Skew:        0.013ns (DCD - SCD - CPR)
    Destination Clock Delay (DCD):    -0.702ns
    Source Clock Delay      (SCD):    -0.468ns
    Clock Pessimism Removal (CPR):    -0.246ns

    Location             Delay type                Incr(ns)  Path(ns)    Netlist Resource(s)
  -------------------------------------------------------------------    -------------------
                         (clock clk_out1_clk_wiz_0 rise edge)
                                                      0.000     0.000 r  
    K17                                               0.000     0.000 r  clk (IN)
                         net (fo=0)                   0.000     0.000    u0/clk_gen/inst/clk_in1
    K17                  IBUF (Prop_ibuf_I_O)         0.259     0.259 r  u0/clk_gen/inst/clkin1_ibufg/O
                         net (fo=1, routed)           0.440     0.700    u0/clk_gen/inst/clk_in1_clk_wiz_0
    MMCME2_ADV_X0Y1      MMCME2_ADV (Prop_mmcme2_adv_CLKIN1_CLKOUT0)
                                                     -2.268    -1.568 r  u0/clk_gen/inst/mmcm_adv_inst/CLKOUT0
                         net (fo=1, routed)           0.482    -1.086    u0/clk_gen/inst/clk_out1_clk_wiz_0
    BUFGCTRL_X0Y16       BUFG (Prop_bufg_I_O)         0.026    -1.060 r  u0/clk_gen/inst/clkout1_buf/O
                         net (fo=7, routed)           0.592    -0.468    u1/CLK
    SLICE_X42Y11         FDCE                                         r  u1/cnt_reg[0]/C
  -------------------------------------------------------------------    -------------------
    SLICE_X42Y11         FDCE (Prop_fdce_C_Q)         0.164    -0.304 r  u1/cnt_reg[0]/Q
                         net (fo=7, routed)           0.106    -0.199    u1/cnt[0]
    SLICE_X43Y11         LUT6 (Prop_lut6_I0_O)        0.045    -0.154 r  u1/cnt[4]_i_1/O
                         net (fo=1, routed)           0.000    -0.154    u1/cnt_0[4]
    SLICE_X43Y11         FDCE                                         r  u1/cnt_reg[4]/D
  -------------------------------------------------------------------    -------------------

                         (clock clk_out1_clk_wiz_0 rise edge)
                                                      0.000     0.000 r  
    K17                                               0.000     0.000 r  clk (IN)
                         net (fo=0)                   0.000     0.000    u0/clk_gen/inst/clk_in1
    K17                  IBUF (Prop_ibuf_I_O)         0.447     0.447 r  u0/clk_gen/inst/clkin1_ibufg/O
                         net (fo=1, routed)           0.480     0.927    u0/clk_gen/inst/clk_in1_clk_wiz_0
    MMCME2_ADV_X0Y1      MMCME2_ADV (Prop_mmcme2_adv_CLKIN1_CLKOUT0)
                                                     -3.047    -2.120 r  u0/clk_gen/inst/mmcm_adv_inst/CLKOUT0
                         net (fo=1, routed)           0.528    -1.592    u0/clk_gen/inst/clk_out1_clk_wiz_0
    BUFGCTRL_X0Y16       BUFG (Prop_bufg_I_O)         0.029    -1.563 r  u0/clk_gen/inst/clkout1_buf/O
                         net (fo=7, routed)           0.861    -0.702    u1/CLK
    SLICE_X43Y11         FDCE                                         r  u1/cnt_reg[4]/C
                         clock pessimism              0.246    -0.455    
    SLICE_X43Y11         FDCE (Hold_fdce_C_D)         0.092    -0.363    u1/cnt_reg[4]
  -------------------------------------------------------------------
                         required time                          0.363    
                         arrival time                          -0.154    
  -------------------------------------------------------------------
                         slack                                  0.210    

Slack (MET) :             0.213ns  (arrival time - required time)
  Source:                 u1/cnt_reg[0]/C
                            (rising edge-triggered cell FDCE clocked by clk_out1_clk_wiz_0  {rise@0.000ns fall@5.000ns period=10.000ns})
  Destination:            u1/cnt_reg[5]/D
                            (rising edge-triggered cell FDCE clocked by clk_out1_clk_wiz_0  {rise@0.000ns fall@5.000ns period=10.000ns})
  Path Group:             clk_out1_clk_wiz_0
  Path Type:              Hold (Min at Fast Process Corner)
  Requirement:            0.000ns  (clk_out1_clk_wiz_0 rise@0.000ns - clk_out1_clk_wiz_0 rise@0.000ns)
  Data Path Delay:        0.318ns  (logic 0.209ns (65.795%)  route 0.109ns (34.205%))
  Logic Levels:           1  (LUT6=1)
  Clock Path Skew:        0.013ns (DCD - SCD - CPR)
    Destination Clock Delay (DCD):    -0.702ns
    Source Clock Delay      (SCD):    -0.468ns
    Clock Pessimism Removal (CPR):    -0.246ns

    Location             Delay type                Incr(ns)  Path(ns)    Netlist Resource(s)
  -------------------------------------------------------------------    -------------------
                         (clock clk_out1_clk_wiz_0 rise edge)
                                                      0.000     0.000 r  
    K17                                               0.000     0.000 r  clk (IN)
                         net (fo=0)                   0.000     0.000    u0/clk_gen/inst/clk_in1
    K17                  IBUF (Prop_ibuf_I_O)         0.259     0.259 r  u0/clk_gen/inst/clkin1_ibufg/O
                         net (fo=1, routed)           0.440     0.700    u0/clk_gen/inst/clk_in1_clk_wiz_0
    MMCME2_ADV_X0Y1      MMCME2_ADV (Prop_mmcme2_adv_CLKIN1_CLKOUT0)
                                                     -2.268    -1.568 r  u0/clk_gen/inst/mmcm_adv_inst/CLKOUT0
                         net (fo=1, routed)           0.482    -1.086    u0/clk_gen/inst/clk_out1_clk_wiz_0
    BUFGCTRL_X0Y16       BUFG (Prop_bufg_I_O)         0.026    -1.060 r  u0/clk_gen/inst/clkout1_buf/O
                         net (fo=7, routed)           0.592    -0.468    u1/CLK
    SLICE_X42Y11         FDCE                                         r  u1/cnt_reg[0]/C
  -------------------------------------------------------------------    -------------------
    SLICE_X42Y11         FDCE (Prop_fdce_C_Q)         0.164    -0.304 r  u1/cnt_reg[0]/Q
                         net (fo=7, routed)           0.109    -0.196    u1/cnt[0]
    SLICE_X43Y11         LUT6 (Prop_lut6_I0_O)        0.045    -0.151 r  u1/cnt[5]_i_1/O
                         net (fo=1, routed)           0.000    -0.151    u1/cnt_0[5]
    SLICE_X43Y11         FDCE                                         r  u1/cnt_reg[5]/D
  -------------------------------------------------------------------    -------------------

                         (clock clk_out1_clk_wiz_0 rise edge)
                                                      0.000     0.000 r  
    K17                                               0.000     0.000 r  clk (IN)
                         net (fo=0)                   0.000     0.000    u0/clk_gen/inst/clk_in1
    K17                  IBUF (Prop_ibuf_I_O)         0.447     0.447 r  u0/clk_gen/inst/clkin1_ibufg/O
                         net (fo=1, routed)           0.480     0.927    u0/clk_gen/inst/clk_in1_clk_wiz_0
    MMCME2_ADV_X0Y1      MMCME2_ADV (Prop_mmcme2_adv_CLKIN1_CLKOUT0)
                                                     -3.047    -2.120 r  u0/clk_gen/inst/mmcm_adv_inst/CLKOUT0
                         net (fo=1, routed)           0.528    -1.592    u0/clk_gen/inst/clk_out1_clk_wiz_0
    BUFGCTRL_X0Y16       BUFG (Prop_bufg_I_O)         0.029    -1.563 r  u0/clk_gen/inst/clkout1_buf/O
                         net (fo=7, routed)           0.861    -0.702    u1/CLK
    SLICE_X43Y11         FDCE                                         r  u1/cnt_reg[5]/C
                         clock pessimism              0.246    -0.455    
    SLICE_X43Y11         FDCE (Hold_fdce_C_D)         0.092    -0.363    u1/cnt_reg[5]
  -------------------------------------------------------------------
                         required time                          0.363    
                         arrival time                          -0.151    
  -------------------------------------------------------------------
                         slack                                  0.213    

Slack (MET) :             0.215ns  (arrival time - required time)
  Source:                 u1/cnt_reg[1]/C
                            (rising edge-triggered cell FDCE clocked by clk_out1_clk_wiz_0  {rise@0.000ns fall@5.000ns period=10.000ns})
  Destination:            u1/cnt_reg[2]/D
                            (rising edge-triggered cell FDCE clocked by clk_out1_clk_wiz_0  {rise@0.000ns fall@5.000ns period=10.000ns})
  Path Group:             clk_out1_clk_wiz_0
  Path Type:              Hold (Min at Fast Process Corner)
  Requirement:            0.000ns  (clk_out1_clk_wiz_0 rise@0.000ns - clk_out1_clk_wiz_0 rise@0.000ns)
  Data Path Delay:        0.348ns  (logic 0.186ns (53.432%)  route 0.162ns (46.568%))
  Logic Levels:           1  (LUT3=1)
  Clock Path Skew:        0.013ns (DCD - SCD - CPR)
    Destination Clock Delay (DCD):    -0.702ns
    Source Clock Delay      (SCD):    -0.468ns
    Clock Pessimism Removal (CPR):    -0.246ns

    Location             Delay type                Incr(ns)  Path(ns)    Netlist Resource(s)
  -------------------------------------------------------------------    -------------------
                         (clock clk_out1_clk_wiz_0 rise edge)
                                                      0.000     0.000 r  
    K17                                               0.000     0.000 r  clk (IN)
                         net (fo=0)                   0.000     0.000    u0/clk_gen/inst/clk_in1
    K17                  IBUF (Prop_ibuf_I_O)         0.259     0.259 r  u0/clk_gen/inst/clkin1_ibufg/O
                         net (fo=1, routed)           0.440     0.700    u0/clk_gen/inst/clk_in1_clk_wiz_0
    MMCME2_ADV_X0Y1      MMCME2_ADV (Prop_mmcme2_adv_CLKIN1_CLKOUT0)
                                                     -2.268    -1.568 r  u0/clk_gen/inst/mmcm_adv_inst/CLKOUT0
                         net (fo=1, routed)           0.482    -1.086    u0/clk_gen/inst/clk_out1_clk_wiz_0
    BUFGCTRL_X0Y16       BUFG (Prop_bufg_I_O)         0.026    -1.060 r  u0/clk_gen/inst/clkout1_buf/O
                         net (fo=7, routed)           0.592    -0.468    u1/CLK
    SLICE_X43Y11         FDCE                                         r  u1/cnt_reg[1]/C
  -------------------------------------------------------------------    -------------------
    SLICE_X43Y11         FDCE (Prop_fdce_C_Q)         0.141    -0.327 r  u1/cnt_reg[1]/Q
                         net (fo=6, routed)           0.162    -0.165    u1/cnt[1]
    SLICE_X42Y11         LUT3 (Prop_lut3_I2_O)        0.045    -0.120 r  u1/cnt[2]_i_1/O
                         net (fo=1, routed)           0.000    -0.120    u1/cnt_0[2]
    SLICE_X42Y11         FDCE                                         r  u1/cnt_reg[2]/D
  -------------------------------------------------------------------    -------------------

                         (clock clk_out1_clk_wiz_0 rise edge)
                                                      0.000     0.000 r  
    K17                                               0.000     0.000 r  clk (IN)
                         net (fo=0)                   0.000     0.000    u0/clk_gen/inst/clk_in1
    K17                  IBUF (Prop_ibuf_I_O)         0.447     0.447 r  u0/clk_gen/inst/clkin1_ibufg/O
                         net (fo=1, routed)           0.480     0.927    u0/clk_gen/inst/clk_in1_clk_wiz_0
    MMCME2_ADV_X0Y1      MMCME2_ADV (Prop_mmcme2_adv_CLKIN1_CLKOUT0)
                                                     -3.047    -2.120 r  u0/clk_gen/inst/mmcm_adv_inst/CLKOUT0
                         net (fo=1, routed)           0.528    -1.592    u0/clk_gen/inst/clk_out1_clk_wiz_0
    BUFGCTRL_X0Y16       BUFG (Prop_bufg_I_O)         0.029    -1.563 r  u0/clk_gen/inst/clkout1_buf/O
                         net (fo=7, routed)           0.861    -0.702    u1/CLK
    SLICE_X42Y11         FDCE                                         r  u1/cnt_reg[2]/C
                         clock pessimism              0.246    -0.455    
    SLICE_X42Y11         FDCE (Hold_fdce_C_D)         0.120    -0.335    u1/cnt_reg[2]
  -------------------------------------------------------------------
                         required time                          0.335    
                         arrival time                          -0.120    
  -------------------------------------------------------------------
                         slack                                  0.215    

Slack (MET) :             0.259ns  (arrival time - required time)
  Source:                 u1/cnt_reg[2]/C
                            (rising edge-triggered cell FDCE clocked by clk_out1_clk_wiz_0  {rise@0.000ns fall@5.000ns period=10.000ns})
  Destination:            u1/cnt_reg[1]/D
                            (rising edge-triggered cell FDCE clocked by clk_out1_clk_wiz_0  {rise@0.000ns fall@5.000ns period=10.000ns})
  Path Group:             clk_out1_clk_wiz_0
  Path Type:              Hold (Min at Fast Process Corner)
  Requirement:            0.000ns  (clk_out1_clk_wiz_0 rise@0.000ns - clk_out1_clk_wiz_0 rise@0.000ns)
  Data Path Delay:        0.364ns  (logic 0.209ns (57.390%)  route 0.155ns (42.610%))
  Logic Levels:           1  (LUT6=1)
  Clock Path Skew:        0.013ns (DCD - SCD - CPR)
    Destination Clock Delay (DCD):    -0.702ns
    Source Clock Delay      (SCD):    -0.468ns
    Clock Pessimism Removal (CPR):    -0.246ns

    Location             Delay type                Incr(ns)  Path(ns)    Netlist Resource(s)
  -------------------------------------------------------------------    -------------------
                         (clock clk_out1_clk_wiz_0 rise edge)
                                                      0.000     0.000 r  
    K17                                               0.000     0.000 r  clk (IN)
                         net (fo=0)                   0.000     0.000    u0/clk_gen/inst/clk_in1
    K17                  IBUF (Prop_ibuf_I_O)         0.259     0.259 r  u0/clk_gen/inst/clkin1_ibufg/O
                         net (fo=1, routed)           0.440     0.700    u0/clk_gen/inst/clk_in1_clk_wiz_0
    MMCME2_ADV_X0Y1      MMCME2_ADV (Prop_mmcme2_adv_CLKIN1_CLKOUT0)
                                                     -2.268    -1.568 r  u0/clk_gen/inst/mmcm_adv_inst/CLKOUT0
                         net (fo=1, routed)           0.482    -1.086    u0/clk_gen/inst/clk_out1_clk_wiz_0
    BUFGCTRL_X0Y16       BUFG (Prop_bufg_I_O)         0.026    -1.060 r  u0/clk_gen/inst/clkout1_buf/O
                         net (fo=7, routed)           0.592    -0.468    u1/CLK
    SLICE_X42Y11         FDCE                                         r  u1/cnt_reg[2]/C
  -------------------------------------------------------------------    -------------------
    SLICE_X42Y11         FDCE (Prop_fdce_C_Q)         0.164    -0.304 r  u1/cnt_reg[2]/Q
                         net (fo=6, routed)           0.155    -0.149    u1/cnt[2]
    SLICE_X43Y11         LUT6 (Prop_lut6_I2_O)        0.045    -0.104 r  u1/cnt[1]_i_1/O
                         net (fo=1, routed)           0.000    -0.104    u1/cnt_0[1]
    SLICE_X43Y11         FDCE                                         r  u1/cnt_reg[1]/D
  -------------------------------------------------------------------    -------------------

                         (clock clk_out1_clk_wiz_0 rise edge)
                                                      0.000     0.000 r  
    K17                                               0.000     0.000 r  clk (IN)
                         net (fo=0)                   0.000     0.000    u0/clk_gen/inst/clk_in1
    K17                  IBUF (Prop_ibuf_I_O)         0.447     0.447 r  u0/clk_gen/inst/clkin1_ibufg/O
                         net (fo=1, routed)           0.480     0.927    u0/clk_gen/inst/clk_in1_clk_wiz_0
    MMCME2_ADV_X0Y1      MMCME2_ADV (Prop_mmcme2_adv_CLKIN1_CLKOUT0)
                                                     -3.047    -2.120 r  u0/clk_gen/inst/mmcm_adv_inst/CLKOUT0
                         net (fo=1, routed)           0.528    -1.592    u0/clk_gen/inst/clk_out1_clk_wiz_0
    BUFGCTRL_X0Y16       BUFG (Prop_bufg_I_O)         0.029    -1.563 r  u0/clk_gen/inst/clkout1_buf/O
                         net (fo=7, routed)           0.861    -0.702    u1/CLK
    SLICE_X43Y11         FDCE                                         r  u1/cnt_reg[1]/C
                         clock pessimism              0.246    -0.455    
    SLICE_X43Y11         FDCE (Hold_fdce_C_D)         0.092    -0.363    u1/cnt_reg[1]
  -------------------------------------------------------------------
                         required time                          0.363    
                         arrival time                          -0.104    
  -------------------------------------------------------------------
                         slack                                  0.259    

Slack (MET) :             0.264ns  (arrival time - required time)
  Source:                 u1/cnt_reg[5]/C
                            (rising edge-triggered cell FDCE clocked by clk_out1_clk_wiz_0  {rise@0.000ns fall@5.000ns period=10.000ns})
  Destination:            u1/clk_div_reg/D
                            (rising edge-triggered cell FDCE clocked by clk_out1_clk_wiz_0  {rise@0.000ns fall@5.000ns period=10.000ns})
  Path Group:             clk_out1_clk_wiz_0
  Path Type:              Hold (Min at Fast Process Corner)
  Requirement:            0.000ns  (clk_out1_clk_wiz_0 rise@0.000ns - clk_out1_clk_wiz_0 rise@0.000ns)
  Data Path Delay:        0.355ns  (logic 0.186ns (52.333%)  route 0.169ns (47.667%))
  Logic Levels:           1  (LUT6=1)
  Clock Path Skew:        0.000ns (DCD - SCD - CPR)
    Destination Clock Delay (DCD):    -0.702ns
    Source Clock Delay      (SCD):    -0.468ns
    Clock Pessimism Removal (CPR):    -0.233ns

    Location             Delay type                Incr(ns)  Path(ns)    Netlist Resource(s)
  -------------------------------------------------------------------    -------------------
                         (clock clk_out1_clk_wiz_0 rise edge)
                                                      0.000     0.000 r  
    K17                                               0.000     0.000 r  clk (IN)
                         net (fo=0)                   0.000     0.000    u0/clk_gen/inst/clk_in1
    K17                  IBUF (Prop_ibuf_I_O)         0.259     0.259 r  u0/clk_gen/inst/clkin1_ibufg/O
                         net (fo=1, routed)           0.440     0.700    u0/clk_gen/inst/clk_in1_clk_wiz_0
    MMCME2_ADV_X0Y1      MMCME2_ADV (Prop_mmcme2_adv_CLKIN1_CLKOUT0)
                                                     -2.268    -1.568 r  u0/clk_gen/inst/mmcm_adv_inst/CLKOUT0
                         net (fo=1, routed)           0.482    -1.086    u0/clk_gen/inst/clk_out1_clk_wiz_0
    BUFGCTRL_X0Y16       BUFG (Prop_bufg_I_O)         0.026    -1.060 r  u0/clk_gen/inst/clkout1_buf/O
                         net (fo=7, routed)           0.592    -0.468    u1/CLK
    SLICE_X43Y11         FDCE                                         r  u1/cnt_reg[5]/C
  -------------------------------------------------------------------    -------------------
    SLICE_X43Y11         FDCE (Prop_fdce_C_Q)         0.141    -0.327 r  u1/cnt_reg[5]/Q
                         net (fo=4, routed)           0.169    -0.158    u1/cnt[5]
    SLICE_X43Y11         LUT6 (Prop_lut6_I0_O)        0.045    -0.113 r  u1/clk_div_i_1/O
                         net (fo=1, routed)           0.000    -0.113    u1/clk_div_i_1_n_0
    SLICE_X43Y11         FDCE                                         r  u1/clk_div_reg/D
  -------------------------------------------------------------------    -------------------

                         (clock clk_out1_clk_wiz_0 rise edge)
                                                      0.000     0.000 r  
    K17                                               0.000     0.000 r  clk (IN)
                         net (fo=0)                   0.000     0.000    u0/clk_gen/inst/clk_in1
    K17                  IBUF (Prop_ibuf_I_O)         0.447     0.447 r  u0/clk_gen/inst/clkin1_ibufg/O
                         net (fo=1, routed)           0.480     0.927    u0/clk_gen/inst/clk_in1_clk_wiz_0
    MMCME2_ADV_X0Y1      MMCME2_ADV (Prop_mmcme2_adv_CLKIN1_CLKOUT0)
                                                     -3.047    -2.120 r  u0/clk_gen/inst/mmcm_adv_inst/CLKOUT0
                         net (fo=1, routed)           0.528    -1.592    u0/clk_gen/inst/clk_out1_clk_wiz_0
    BUFGCTRL_X0Y16       BUFG (Prop_bufg_I_O)         0.029    -1.563 r  u0/clk_gen/inst/clkout1_buf/O
                         net (fo=7, routed)           0.861    -0.702    u1/CLK
    SLICE_X43Y11         FDCE                                         r  u1/clk_div_reg/C
                         clock pessimism              0.233    -0.468    
    SLICE_X43Y11         FDCE (Hold_fdce_C_D)         0.091    -0.377    u1/clk_div_reg
  -------------------------------------------------------------------
                         required time                          0.377    
                         arrival time                          -0.113    
  -------------------------------------------------------------------
                         slack                                  0.264    

Slack (MET) :             0.366ns  (arrival time - required time)
  Source:                 u1/cnt_reg[0]/C
                            (rising edge-triggered cell FDCE clocked by clk_out1_clk_wiz_0  {rise@0.000ns fall@5.000ns period=10.000ns})
  Destination:            u1/cnt_reg[0]/D
                            (rising edge-triggered cell FDCE clocked by clk_out1_clk_wiz_0  {rise@0.000ns fall@5.000ns period=10.000ns})
  Path Group:             clk_out1_clk_wiz_0
  Path Type:              Hold (Min at Fast Process Corner)
  Requirement:            0.000ns  (clk_out1_clk_wiz_0 rise@0.000ns - clk_out1_clk_wiz_0 rise@0.000ns)
  Data Path Delay:        0.487ns  (logic 0.209ns (42.946%)  route 0.278ns (57.054%))
  Logic Levels:           1  (LUT1=1)
  Clock Path Skew:        0.000ns (DCD - SCD - CPR)
    Destination Clock Delay (DCD):    -0.702ns
    Source Clock Delay      (SCD):    -0.468ns
    Clock Pessimism Removal (CPR):    -0.233ns

    Location             Delay type                Incr(ns)  Path(ns)    Netlist Resource(s)
  -------------------------------------------------------------------    -------------------
                         (clock clk_out1_clk_wiz_0 rise edge)
                                                      0.000     0.000 r  
    K17                                               0.000     0.000 r  clk (IN)
                         net (fo=0)                   0.000     0.000    u0/clk_gen/inst/clk_in1
    K17                  IBUF (Prop_ibuf_I_O)         0.259     0.259 r  u0/clk_gen/inst/clkin1_ibufg/O
                         net (fo=1, routed)           0.440     0.700    u0/clk_gen/inst/clk_in1_clk_wiz_0
    MMCME2_ADV_X0Y1      MMCME2_ADV (Prop_mmcme2_adv_CLKIN1_CLKOUT0)
                                                     -2.268    -1.568 r  u0/clk_gen/inst/mmcm_adv_inst/CLKOUT0
                         net (fo=1, routed)           0.482    -1.086    u0/clk_gen/inst/clk_out1_clk_wiz_0
    BUFGCTRL_X0Y16       BUFG (Prop_bufg_I_O)         0.026    -1.060 r  u0/clk_gen/inst/clkout1_buf/O
                         net (fo=7, routed)           0.592    -0.468    u1/CLK
    SLICE_X42Y11         FDCE                                         r  u1/cnt_reg[0]/C
  -------------------------------------------------------------------    -------------------
    SLICE_X42Y11         FDCE (Prop_fdce_C_Q)         0.164    -0.304 f  u1/cnt_reg[0]/Q
                         net (fo=7, routed)           0.278    -0.027    u1/cnt[0]
    SLICE_X42Y11         LUT1 (Prop_lut1_I0_O)        0.045     0.018 r  u1/cnt[0]_i_1/O
                         net (fo=1, routed)           0.000     0.018    u1/cnt[0]_i_1_n_0
    SLICE_X42Y11         FDCE                                         r  u1/cnt_reg[0]/D
  -------------------------------------------------------------------    -------------------

                         (clock clk_out1_clk_wiz_0 rise edge)
                                                      0.000     0.000 r  
    K17                                               0.000     0.000 r  clk (IN)
                         net (fo=0)                   0.000     0.000    u0/clk_gen/inst/clk_in1
    K17                  IBUF (Prop_ibuf_I_O)         0.447     0.447 r  u0/clk_gen/inst/clkin1_ibufg/O
                         net (fo=1, routed)           0.480     0.927    u0/clk_gen/inst/clk_in1_clk_wiz_0
    MMCME2_ADV_X0Y1      MMCME2_ADV (Prop_mmcme2_adv_CLKIN1_CLKOUT0)
                                                     -3.047    -2.120 r  u0/clk_gen/inst/mmcm_adv_inst/CLKOUT0
                         net (fo=1, routed)           0.528    -1.592    u0/clk_gen/inst/clk_out1_clk_wiz_0
    BUFGCTRL_X0Y16       BUFG (Prop_bufg_I_O)         0.029    -1.563 r  u0/clk_gen/inst/clkout1_buf/O
                         net (fo=7, routed)           0.861    -0.702    u1/CLK
    SLICE_X42Y11         FDCE                                         r  u1/cnt_reg[0]/C
                         clock pessimism              0.233    -0.468    
    SLICE_X42Y11         FDCE (Hold_fdce_C_D)         0.121    -0.347    u1/cnt_reg[0]
  -------------------------------------------------------------------
                         required time                          0.347    
                         arrival time                           0.018    
  -------------------------------------------------------------------
                         slack                                  0.366    





Pulse Width Checks
--------------------------------------------------------------------------------------
Clock Name:         clk_out1_clk_wiz_0
Waveform(ns):       { 0.000 5.000 }
Period(ns):         10.000
Sources:            { u0/clk_gen/inst/mmcm_adv_inst/CLKOUT0 }

Check Type        Corner  Lib Pin             Reference Pin  Required(ns)  Actual(ns)  Slack(ns)  Location         Pin
Min Period        n/a     BUFG/I              n/a            2.155         10.000      7.845      BUFGCTRL_X0Y16   u0/clk_gen/inst/clkout1_buf/I
Min Period        n/a     MMCME2_ADV/CLKOUT0  n/a            1.249         10.000      8.751      MMCME2_ADV_X0Y1  u0/clk_gen/inst/mmcm_adv_inst/CLKOUT0
Min Period        n/a     FDCE/C              n/a            1.000         10.000      9.000      SLICE_X43Y11     u1/clk_div_reg/C
Min Period        n/a     FDCE/C              n/a            1.000         10.000      9.000      SLICE_X42Y11     u1/cnt_reg[0]/C
Min Period        n/a     FDCE/C              n/a            1.000         10.000      9.000      SLICE_X43Y11     u1/cnt_reg[1]/C
Min Period        n/a     FDCE/C              n/a            1.000         10.000      9.000      SLICE_X42Y11     u1/cnt_reg[2]/C
Min Period        n/a     FDCE/C              n/a            1.000         10.000      9.000      SLICE_X42Y11     u1/cnt_reg[3]/C
Min Period        n/a     FDCE/C              n/a            1.000         10.000      9.000      SLICE_X43Y11     u1/cnt_reg[4]/C
Min Period        n/a     FDCE/C              n/a            1.000         10.000      9.000      SLICE_X43Y11     u1/cnt_reg[5]/C
Max Period        n/a     MMCME2_ADV/CLKOUT0  n/a            213.360       10.000      203.360    MMCME2_ADV_X0Y1  u0/clk_gen/inst/mmcm_adv_inst/CLKOUT0
Low Pulse Width   Slow    FDCE/C              n/a            0.500         5.000       4.500      SLICE_X43Y11     u1/clk_div_reg/C
Low Pulse Width   Slow    FDCE/C              n/a            0.500         5.000       4.500      SLICE_X42Y11     u1/cnt_reg[0]/C
Low Pulse Width   Slow    FDCE/C              n/a            0.500         5.000       4.500      SLICE_X43Y11     u1/cnt_reg[1]/C
Low Pulse Width   Slow    FDCE/C              n/a            0.500         5.000       4.500      SLICE_X42Y11     u1/cnt_reg[2]/C
Low Pulse Width   Slow    FDCE/C              n/a            0.500         5.000       4.500      SLICE_X42Y11     u1/cnt_reg[3]/C
Low Pulse Width   Slow    FDCE/C              n/a            0.500         5.000       4.500      SLICE_X43Y11     u1/cnt_reg[4]/C
Low Pulse Width   Slow    FDCE/C              n/a            0.500         5.000       4.500      SLICE_X43Y11     u1/cnt_reg[5]/C
Low Pulse Width   Fast    FDCE/C              n/a            0.500         5.000       4.500      SLICE_X43Y11     u1/clk_div_reg/C
Low Pulse Width   Fast    FDCE/C              n/a            0.500         5.000       4.500      SLICE_X42Y11     u1/cnt_reg[0]/C
Low Pulse Width   Fast    FDCE/C              n/a            0.500         5.000       4.500      SLICE_X43Y11     u1/cnt_reg[1]/C
High Pulse Width  Slow    FDCE/C              n/a            0.500         5.000       4.500      SLICE_X43Y11     u1/clk_div_reg/C
High Pulse Width  Fast    FDCE/C              n/a            0.500         5.000       4.500      SLICE_X43Y11     u1/clk_div_reg/C
High Pulse Width  Slow    FDCE/C              n/a            0.500         5.000       4.500      SLICE_X42Y11     u1/cnt_reg[0]/C
High Pulse Width  Fast    FDCE/C              n/a            0.500         5.000       4.500      SLICE_X42Y11     u1/cnt_reg[0]/C
High Pulse Width  Slow    FDCE/C              n/a            0.500         5.000       4.500      SLICE_X43Y11     u1/cnt_reg[1]/C
High Pulse Width  Fast    FDCE/C              n/a            0.500         5.000       4.500      SLICE_X43Y11     u1/cnt_reg[1]/C
High Pulse Width  Slow    FDCE/C              n/a            0.500         5.000       4.500      SLICE_X42Y11     u1/cnt_reg[2]/C
High Pulse Width  Fast    FDCE/C              n/a            0.500         5.000       4.500      SLICE_X42Y11     u1/cnt_reg[2]/C
High Pulse Width  Slow    FDCE/C              n/a            0.500         5.000       4.500      SLICE_X42Y11     u1/cnt_reg[3]/C
High Pulse Width  Fast    FDCE/C              n/a            0.500         5.000       4.500      SLICE_X42Y11     u1/cnt_reg[3]/C



---------------------------------------------------------------------------------------------------
From Clock:  clkfbout_clk_wiz_0
  To Clock:  clkfbout_clk_wiz_0

Setup :           NA  Failing Endpoints,  Worst Slack           NA  ,  Total Violation           NA
Hold  :           NA  Failing Endpoints,  Worst Slack           NA  ,  Total Violation           NA
PW    :            0  Failing Endpoints,  Worst Slack        5.845ns,  Total Violation        0.000ns
---------------------------------------------------------------------------------------------------


Pulse Width Checks
--------------------------------------------------------------------------------------
Clock Name:         clkfbout_clk_wiz_0
Waveform(ns):       { 0.000 4.000 }
Period(ns):         8.000
Sources:            { u0/clk_gen/inst/mmcm_adv_inst/CLKFBOUT }

Check Type  Corner  Lib Pin              Reference Pin  Required(ns)  Actual(ns)  Slack(ns)  Location         Pin
Min Period  n/a     BUFG/I               n/a            2.155         8.000       5.845      BUFGCTRL_X0Y17   u0/clk_gen/inst/clkf_buf/I
Min Period  n/a     MMCME2_ADV/CLKFBOUT  n/a            1.249         8.000       6.751      MMCME2_ADV_X0Y1  u0/clk_gen/inst/mmcm_adv_inst/CLKFBOUT
Min Period  n/a     MMCME2_ADV/CLKFBIN   n/a            1.249         8.000       6.751      MMCME2_ADV_X0Y1  u0/clk_gen/inst/mmcm_adv_inst/CLKFBIN
Max Period  n/a     MMCME2_ADV/CLKFBIN   n/a            100.000       8.000       92.000     MMCME2_ADV_X0Y1  u0/clk_gen/inst/mmcm_adv_inst/CLKFBIN
Max Period  n/a     MMCME2_ADV/CLKFBOUT  n/a            213.360       8.000       205.360    MMCME2_ADV_X0Y1  u0/clk_gen/inst/mmcm_adv_inst/CLKFBOUT



