Copyright 1986-2019 Xilinx, Inc. All Rights Reserved.
-----------------------------------------------------------------------------------------------------------------------------------------------------------------------------------------------------------------------------------
| Tool Version : Vivado v.2019.2 (win64) Build 2708876 Wed Nov  6 21:40:23 MST 2019
| Date         : Mon May 12 17:03:59 2025
| Host         : NoteKihyun running 64-bit major release  (build 9200)
| Command      : report_timing_summary -max_paths 10 -file counter_top_debounce_timing_summary_routed.rpt -pb counter_top_debounce_timing_summary_routed.pb -rpx counter_top_debounce_timing_summary_routed.rpx -warn_on_violation
| Design       : counter_top_debounce
| Device       : 7z010-clg400
| Speed File   : -1  PRODUCTION 1.11 2014-09-11
-----------------------------------------------------------------------------------------------------------------------------------------------------------------------------------------------------------------------------------

Timing Summary Report

------------------------------------------------------------------------------------------------
| Timer Settings
| --------------
------------------------------------------------------------------------------------------------

  Enable Multi Corner Analysis               :  Yes
  Enable Pessimism Removal                   :  Yes
  Pessimism Removal Resolution               :  Nearest Common Node
  Enable Input Delay Default Clock           :  No
  Enable Preset / Clear Arcs                 :  No
  Disable Flight Delays                      :  No
  Ignore I/O Paths                           :  No
  Timing Early Launch at Borrowing Latches   :  No
  Borrow Time for Max Delay Exceptions       :  Yes
  Merge Timing Exceptions                    :  Yes

  Corner  Analyze    Analyze    
  Name    Max Paths  Min Paths  
  ------  ---------  ---------  
  Slow    Yes        Yes        
  Fast    Yes        Yes        



check_timing report

Table of Contents
-----------------
1. checking no_clock
2. checking constant_clock
3. checking pulse_width_clock
4. checking unconstrained_internal_endpoints
5. checking no_input_delay
6. checking no_output_delay
7. checking multiple_clock
8. checking generated_clocks
9. checking loops
10. checking partial_input_delay
11. checking partial_output_delay
12. checking latch_loops

1. checking no_clock
--------------------
 There are 7 register/latch pins with no clock driven by root clock pin: u1/clk_div_reg/Q (HIGH)

 There are 7 register/latch pins with no clock driven by root clock pin: u2/clk_div_reg/Q (HIGH)

 There are 20 register/latch pins with no clock driven by root clock pin: u3/clk_div_reg/Q (HIGH)


2. checking constant_clock
--------------------------
 There are 0 register/latch pins with constant_clock.


3. checking pulse_width_clock
-----------------------------
 There are 0 register/latch pins which need pulse_width check


4. checking unconstrained_internal_endpoints
--------------------------------------------
 There are 72 pins that are not constrained for maximum delay. (HIGH)

 There are 0 pins that are not constrained for maximum delay due to constant clock.


5. checking no_input_delay
--------------------------
 There are 4 input ports with no input delay specified. (HIGH)

 There are 0 input ports with no input delay but user has a false path constraint.


6. checking no_output_delay
---------------------------
 There are 4 ports with no output delay specified. (HIGH)

 There are 0 ports with no output delay but user has a false path constraint

 There are 0 ports with no output delay but with a timing clock defined on it or propagating through it


7. checking multiple_clock
--------------------------
 There are 0 register/latch pins with multiple clocks.


8. checking generated_clocks
----------------------------
 There are 0 generated clocks that are not connected to a clock source.


9. checking loops
-----------------
 There are 0 combinational loops in the design.


10. checking partial_input_delay
--------------------------------
 There are 0 input ports with partial input delay specified.


11. checking partial_output_delay
---------------------------------
 There are 0 ports with partial output delay specified.


12. checking latch_loops
------------------------
 There are 0 combinational latch loops in the design through latch input



------------------------------------------------------------------------------------------------
| Design Timing Summary
| ---------------------
------------------------------------------------------------------------------------------------

    WNS(ns)      TNS(ns)  TNS Failing Endpoints  TNS Total Endpoints      WHS(ns)      THS(ns)  THS Failing Endpoints  THS Total Endpoints     WPWS(ns)     TPWS(ns)  TPWS Failing Endpoints  TPWS Total Endpoints  
    -------      -------  ---------------------  -------------------      -------      -------  ---------------------  -------------------     --------     --------  ----------------------  --------------------  
      8.343        0.000                      0                    7        0.184        0.000                      0                    7        2.000        0.000                       0                    13  


All user specified timing constraints are met.


------------------------------------------------------------------------------------------------
| Clock Summary
| -------------
------------------------------------------------------------------------------------------------

Clock                 Waveform(ns)         Period(ns)      Frequency(MHz)
-----                 ------------         ----------      --------------
clk_ref               {0.000 4.000}        8.000           125.000         
  clk_out1_clk_wiz_0  {0.000 5.000}        10.000          100.000         
  clkfbout_clk_wiz_0  {0.000 4.000}        8.000           125.000         


------------------------------------------------------------------------------------------------
| Intra Clock Table
| -----------------
------------------------------------------------------------------------------------------------

Clock                     WNS(ns)      TNS(ns)  TNS Failing Endpoints  TNS Total Endpoints      WHS(ns)      THS(ns)  THS Failing Endpoints  THS Total Endpoints     WPWS(ns)     TPWS(ns)  TPWS Failing Endpoints  TPWS Total Endpoints  
-----                     -------      -------  ---------------------  -------------------      -------      -------  ---------------------  -------------------     --------     --------  ----------------------  --------------------  
clk_ref                                                                                                                                                                 2.000        0.000                       0                     1  
  clk_out1_clk_wiz_0        8.343        0.000                      0                    7        0.184        0.000                      0                    7        4.500        0.000                       0                     9  
  clkfbout_clk_wiz_0                                                                                                                                                    5.845        0.000                       0                     3  


------------------------------------------------------------------------------------------------
| Inter Clock Table
| -----------------
------------------------------------------------------------------------------------------------

From Clock    To Clock          WNS(ns)      TNS(ns)  TNS Failing Endpoints  TNS Total Endpoints      WHS(ns)      THS(ns)  THS Failing Endpoints  THS Total Endpoints  
----------    --------          -------      -------  ---------------------  -------------------      -------      -------  ---------------------  -------------------  


------------------------------------------------------------------------------------------------
| Other Path Groups Table
| -----------------------
------------------------------------------------------------------------------------------------

Path Group    From Clock    To Clock          WNS(ns)      TNS(ns)  TNS Failing Endpoints  TNS Total Endpoints      WHS(ns)      THS(ns)  THS Failing Endpoints  THS Total Endpoints  
----------    ----------    --------          -------      -------  ---------------------  -------------------      -------      -------  ---------------------  -------------------  


------------------------------------------------------------------------------------------------
| Timing Details
| --------------
------------------------------------------------------------------------------------------------


---------------------------------------------------------------------------------------------------
From Clock:  clk_ref
  To Clock:  clk_ref

Setup :           NA  Failing Endpoints,  Worst Slack           NA  ,  Total Violation           NA
Hold  :           NA  Failing Endpoints,  Worst Slack           NA  ,  Total Violation           NA
PW    :            0  Failing Endpoints,  Worst Slack        2.000ns,  Total Violation        0.000ns
---------------------------------------------------------------------------------------------------


Pulse Width Checks
--------------------------------------------------------------------------------------
Clock Name:         clk_ref
Waveform(ns):       { 0.000 4.000 }
Period(ns):         8.000
Sources:            { clk_ref }

Check Type        Corner  Lib Pin            Reference Pin  Required(ns)  Actual(ns)  Slack(ns)  Location         Pin
Min Period        n/a     MMCME2_ADV/CLKIN1  n/a            1.249         8.000       6.751      MMCME2_ADV_X0Y1  u0/clk_gen/inst/mmcm_adv_inst/CLKIN1
Max Period        n/a     MMCME2_ADV/CLKIN1  n/a            100.000       8.000       92.000     MMCME2_ADV_X0Y1  u0/clk_gen/inst/mmcm_adv_inst/CLKIN1
Low Pulse Width   Slow    MMCME2_ADV/CLKIN1  n/a            2.000         4.000       2.000      MMCME2_ADV_X0Y1  u0/clk_gen/inst/mmcm_adv_inst/CLKIN1
Low Pulse Width   Fast    MMCME2_ADV/CLKIN1  n/a            2.000         4.000       2.000      MMCME2_ADV_X0Y1  u0/clk_gen/inst/mmcm_adv_inst/CLKIN1
High Pulse Width  Fast    MMCME2_ADV/CLKIN1  n/a            2.000         4.000       2.000      MMCME2_ADV_X0Y1  u0/clk_gen/inst/mmcm_adv_inst/CLKIN1
High Pulse Width  Slow    MMCME2_ADV/CLKIN1  n/a            2.000         4.000       2.000      MMCME2_ADV_X0Y1  u0/clk_gen/inst/mmcm_adv_inst/CLKIN1



---------------------------------------------------------------------------------------------------
From Clock:  clk_out1_clk_wiz_0
  To Clock:  clk_out1_clk_wiz_0

Setup :            0  Failing Endpoints,  Worst Slack        8.343ns,  Total Violation        0.000ns
Hold  :            0  Failing Endpoints,  Worst Slack        0.184ns,  Total Violation        0.000ns
PW    :            0  Failing Endpoints,  Worst Slack        4.500ns,  Total Violation        0.000ns
---------------------------------------------------------------------------------------------------


Max Delay Paths
--------------------------------------------------------------------------------------
Slack (MET) :             8.343ns  (required time - arrival time)
  Source:                 u1/cnt_reg[2]/C
                            (rising edge-triggered cell FDCE clocked by clk_out1_clk_wiz_0  {rise@0.000ns fall@5.000ns period=10.000ns})
  Destination:            u1/clk_div_reg/D
                            (rising edge-triggered cell FDCE clocked by clk_out1_clk_wiz_0  {rise@0.000ns fall@5.000ns period=10.000ns})
  Path Group:             clk_out1_clk_wiz_0
  Path Type:              Setup (Max at Slow Process Corner)
  Requirement:            10.000ns  (clk_out1_clk_wiz_0 rise@10.000ns - clk_out1_clk_wiz_0 rise@0.000ns)
  Data Path Delay:        1.615ns  (logic 0.704ns (43.598%)  route 0.911ns (56.402%))
  Logic Levels:           2  (LUT2=1 LUT6=1)
  Clock Path Skew:        0.000ns (DCD - SCD + CPR)
    Destination Clock Delay (DCD):    -1.271ns = ( 8.729 - 10.000 ) 
    Source Clock Delay      (SCD):    -0.620ns
    Clock Pessimism Removal (CPR):    0.651ns
  Clock Uncertainty:      0.072ns  ((TSJ^2 + DJ^2)^1/2) / 2 + PE
    Total System Jitter     (TSJ):    0.071ns
    Discrete Jitter          (DJ):    0.125ns
    Phase Error              (PE):    0.000ns

    Location             Delay type                Incr(ns)  Path(ns)    Netlist Resource(s)
  -------------------------------------------------------------------    -------------------
                         (clock clk_out1_clk_wiz_0 rise edge)
                                                      0.000     0.000 r  
    K17                                               0.000     0.000 r  clk_ref (IN)
                         net (fo=0)                   0.000     0.000    u0/clk_gen/inst/clk_in1
    K17                  IBUF (Prop_ibuf_I_O)         1.492     1.492 r  u0/clk_gen/inst/clkin1_ibufg/O
                         net (fo=1, routed)           1.285     2.777    u0/clk_gen/inst/clk_in1_clk_wiz_0
    MMCME2_ADV_X0Y1      MMCME2_ADV (Prop_mmcme2_adv_CLKIN1_CLKOUT0)
                                                     -6.996    -4.219 r  u0/clk_gen/inst/mmcm_adv_inst/CLKOUT0
                         net (fo=1, routed)           1.760    -2.459    u0/clk_gen/inst/clk_out1_clk_wiz_0
    BUFGCTRL_X0Y16       BUFG (Prop_bufg_I_O)         0.101    -2.358 r  u0/clk_gen/inst/clkout1_buf/O
                         net (fo=7, routed)           1.738    -0.620    u1/cnt_reg[0]_0
    SLICE_X41Y60         FDCE                                         r  u1/cnt_reg[2]/C
  -------------------------------------------------------------------    -------------------
    SLICE_X41Y60         FDCE (Prop_fdce_C_Q)         0.456    -0.164 f  u1/cnt_reg[2]/Q
                         net (fo=6, routed)           0.615     0.451    u1/cnt_reg_n_0_[2]
    SLICE_X41Y61         LUT2 (Prop_lut2_I1_O)        0.124     0.575 r  u1/clk_div/O
                         net (fo=1, routed)           0.295     0.871    u1/clk_div_n_0
    SLICE_X41Y60         LUT6 (Prop_lut6_I3_O)        0.124     0.995 r  u1/clk_div_i_1/O
                         net (fo=1, routed)           0.000     0.995    u1/clk_div_i_1_n_0
    SLICE_X41Y60         FDCE                                         r  u1/clk_div_reg/D
  -------------------------------------------------------------------    -------------------

                         (clock clk_out1_clk_wiz_0 rise edge)
                                                     10.000    10.000 r  
    K17                                               0.000    10.000 r  clk_ref (IN)
                         net (fo=0)                   0.000    10.000    u0/clk_gen/inst/clk_in1
    K17                  IBUF (Prop_ibuf_I_O)         1.421    11.421 r  u0/clk_gen/inst/clkin1_ibufg/O
                         net (fo=1, routed)           1.162    12.583    u0/clk_gen/inst/clk_in1_clk_wiz_0
    MMCME2_ADV_X0Y1      MMCME2_ADV (Prop_mmcme2_adv_CLKIN1_CLKOUT0)
                                                     -7.105     5.478 r  u0/clk_gen/inst/mmcm_adv_inst/CLKOUT0
                         net (fo=1, routed)           1.599     7.077    u0/clk_gen/inst/clk_out1_clk_wiz_0
    BUFGCTRL_X0Y16       BUFG (Prop_bufg_I_O)         0.091     7.168 r  u0/clk_gen/inst/clkout1_buf/O
                         net (fo=7, routed)           1.561     8.729    u1/cnt_reg[0]_0
    SLICE_X41Y60         FDCE                                         r  u1/clk_div_reg/C
                         clock pessimism              0.651     9.380    
                         clock uncertainty           -0.072     9.308    
    SLICE_X41Y60         FDCE (Setup_fdce_C_D)        0.029     9.337    u1/clk_div_reg
  -------------------------------------------------------------------
                         required time                          9.337    
                         arrival time                          -0.995    
  -------------------------------------------------------------------
                         slack                                  8.343    

Slack (MET) :             8.395ns  (required time - arrival time)
  Source:                 u1/cnt_reg[3]/C
                            (rising edge-triggered cell FDCE clocked by clk_out1_clk_wiz_0  {rise@0.000ns fall@5.000ns period=10.000ns})
  Destination:            u1/cnt_reg[1]/D
                            (rising edge-triggered cell FDCE clocked by clk_out1_clk_wiz_0  {rise@0.000ns fall@5.000ns period=10.000ns})
  Path Group:             clk_out1_clk_wiz_0
  Path Type:              Setup (Max at Slow Process Corner)
  Requirement:            10.000ns  (clk_out1_clk_wiz_0 rise@10.000ns - clk_out1_clk_wiz_0 rise@0.000ns)
  Data Path Delay:        1.565ns  (logic 0.716ns (45.758%)  route 0.849ns (54.242%))
  Logic Levels:           1  (LUT6=1)
  Clock Path Skew:        0.000ns (DCD - SCD + CPR)
    Destination Clock Delay (DCD):    -1.271ns = ( 8.729 - 10.000 ) 
    Source Clock Delay      (SCD):    -0.620ns
    Clock Pessimism Removal (CPR):    0.651ns
  Clock Uncertainty:      0.072ns  ((TSJ^2 + DJ^2)^1/2) / 2 + PE
    Total System Jitter     (TSJ):    0.071ns
    Discrete Jitter          (DJ):    0.125ns
    Phase Error              (PE):    0.000ns

    Location             Delay type                Incr(ns)  Path(ns)    Netlist Resource(s)
  -------------------------------------------------------------------    -------------------
                         (clock clk_out1_clk_wiz_0 rise edge)
                                                      0.000     0.000 r  
    K17                                               0.000     0.000 r  clk_ref (IN)
                         net (fo=0)                   0.000     0.000    u0/clk_gen/inst/clk_in1
    K17                  IBUF (Prop_ibuf_I_O)         1.492     1.492 r  u0/clk_gen/inst/clkin1_ibufg/O
                         net (fo=1, routed)           1.285     2.777    u0/clk_gen/inst/clk_in1_clk_wiz_0
    MMCME2_ADV_X0Y1      MMCME2_ADV (Prop_mmcme2_adv_CLKIN1_CLKOUT0)
                                                     -6.996    -4.219 r  u0/clk_gen/inst/mmcm_adv_inst/CLKOUT0
                         net (fo=1, routed)           1.760    -2.459    u0/clk_gen/inst/clk_out1_clk_wiz_0
    BUFGCTRL_X0Y16       BUFG (Prop_bufg_I_O)         0.101    -2.358 r  u0/clk_gen/inst/clkout1_buf/O
                         net (fo=7, routed)           1.738    -0.620    u1/cnt_reg[0]_0
    SLICE_X41Y60         FDCE                                         r  u1/cnt_reg[3]/C
  -------------------------------------------------------------------    -------------------
    SLICE_X41Y60         FDCE (Prop_fdce_C_Q)         0.419    -0.201 r  u1/cnt_reg[3]/Q
                         net (fo=5, routed)           0.849     0.648    u1/cnt_reg_n_0_[3]
    SLICE_X41Y60         LUT6 (Prop_lut6_I1_O)        0.297     0.945 r  u1/cnt[1]_i_1/O
                         net (fo=1, routed)           0.000     0.945    u1/cnt[1]
    SLICE_X41Y60         FDCE                                         r  u1/cnt_reg[1]/D
  -------------------------------------------------------------------    -------------------

                         (clock clk_out1_clk_wiz_0 rise edge)
                                                     10.000    10.000 r  
    K17                                               0.000    10.000 r  clk_ref (IN)
                         net (fo=0)                   0.000    10.000    u0/clk_gen/inst/clk_in1
    K17                  IBUF (Prop_ibuf_I_O)         1.421    11.421 r  u0/clk_gen/inst/clkin1_ibufg/O
                         net (fo=1, routed)           1.162    12.583    u0/clk_gen/inst/clk_in1_clk_wiz_0
    MMCME2_ADV_X0Y1      MMCME2_ADV (Prop_mmcme2_adv_CLKIN1_CLKOUT0)
                                                     -7.105     5.478 r  u0/clk_gen/inst/mmcm_adv_inst/CLKOUT0
                         net (fo=1, routed)           1.599     7.077    u0/clk_gen/inst/clk_out1_clk_wiz_0
    BUFGCTRL_X0Y16       BUFG (Prop_bufg_I_O)         0.091     7.168 r  u0/clk_gen/inst/clkout1_buf/O
                         net (fo=7, routed)           1.561     8.729    u1/cnt_reg[0]_0
    SLICE_X41Y60         FDCE                                         r  u1/cnt_reg[1]/C
                         clock pessimism              0.651     9.380    
                         clock uncertainty           -0.072     9.308    
    SLICE_X41Y60         FDCE (Setup_fdce_C_D)        0.031     9.339    u1/cnt_reg[1]
  -------------------------------------------------------------------
                         required time                          9.339    
                         arrival time                          -0.945    
  -------------------------------------------------------------------
                         slack                                  8.395    

Slack (MET) :             8.455ns  (required time - arrival time)
  Source:                 u1/cnt_reg[1]/C
                            (rising edge-triggered cell FDCE clocked by clk_out1_clk_wiz_0  {rise@0.000ns fall@5.000ns period=10.000ns})
  Destination:            u1/cnt_reg[5]/D
                            (rising edge-triggered cell FDCE clocked by clk_out1_clk_wiz_0  {rise@0.000ns fall@5.000ns period=10.000ns})
  Path Group:             clk_out1_clk_wiz_0
  Path Type:              Setup (Max at Slow Process Corner)
  Requirement:            10.000ns  (clk_out1_clk_wiz_0 rise@10.000ns - clk_out1_clk_wiz_0 rise@0.000ns)
  Data Path Delay:        1.482ns  (logic 0.580ns (39.131%)  route 0.902ns (60.869%))
  Logic Levels:           1  (LUT6=1)
  Clock Path Skew:        -0.022ns (DCD - SCD + CPR)
    Destination Clock Delay (DCD):    -1.271ns = ( 8.729 - 10.000 ) 
    Source Clock Delay      (SCD):    -0.620ns
    Clock Pessimism Removal (CPR):    0.629ns
  Clock Uncertainty:      0.072ns  ((TSJ^2 + DJ^2)^1/2) / 2 + PE
    Total System Jitter     (TSJ):    0.071ns
    Discrete Jitter          (DJ):    0.125ns
    Phase Error              (PE):    0.000ns

    Location             Delay type                Incr(ns)  Path(ns)    Netlist Resource(s)
  -------------------------------------------------------------------    -------------------
                         (clock clk_out1_clk_wiz_0 rise edge)
                                                      0.000     0.000 r  
    K17                                               0.000     0.000 r  clk_ref (IN)
                         net (fo=0)                   0.000     0.000    u0/clk_gen/inst/clk_in1
    K17                  IBUF (Prop_ibuf_I_O)         1.492     1.492 r  u0/clk_gen/inst/clkin1_ibufg/O
                         net (fo=1, routed)           1.285     2.777    u0/clk_gen/inst/clk_in1_clk_wiz_0
    MMCME2_ADV_X0Y1      MMCME2_ADV (Prop_mmcme2_adv_CLKIN1_CLKOUT0)
                                                     -6.996    -4.219 r  u0/clk_gen/inst/mmcm_adv_inst/CLKOUT0
                         net (fo=1, routed)           1.760    -2.459    u0/clk_gen/inst/clk_out1_clk_wiz_0
    BUFGCTRL_X0Y16       BUFG (Prop_bufg_I_O)         0.101    -2.358 r  u0/clk_gen/inst/clkout1_buf/O
                         net (fo=7, routed)           1.738    -0.620    u1/cnt_reg[0]_0
    SLICE_X41Y60         FDCE                                         r  u1/cnt_reg[1]/C
  -------------------------------------------------------------------    -------------------
    SLICE_X41Y60         FDCE (Prop_fdce_C_Q)         0.456    -0.164 r  u1/cnt_reg[1]/Q
                         net (fo=6, routed)           0.902     0.738    u1/cnt_reg_n_0_[1]
    SLICE_X40Y60         LUT6 (Prop_lut6_I3_O)        0.124     0.862 r  u1/cnt[5]_i_1/O
                         net (fo=1, routed)           0.000     0.862    u1/cnt[5]
    SLICE_X40Y60         FDCE                                         r  u1/cnt_reg[5]/D
  -------------------------------------------------------------------    -------------------

                         (clock clk_out1_clk_wiz_0 rise edge)
                                                     10.000    10.000 r  
    K17                                               0.000    10.000 r  clk_ref (IN)
                         net (fo=0)                   0.000    10.000    u0/clk_gen/inst/clk_in1
    K17                  IBUF (Prop_ibuf_I_O)         1.421    11.421 r  u0/clk_gen/inst/clkin1_ibufg/O
                         net (fo=1, routed)           1.162    12.583    u0/clk_gen/inst/clk_in1_clk_wiz_0
    MMCME2_ADV_X0Y1      MMCME2_ADV (Prop_mmcme2_adv_CLKIN1_CLKOUT0)
                                                     -7.105     5.478 r  u0/clk_gen/inst/mmcm_adv_inst/CLKOUT0
                         net (fo=1, routed)           1.599     7.077    u0/clk_gen/inst/clk_out1_clk_wiz_0
    BUFGCTRL_X0Y16       BUFG (Prop_bufg_I_O)         0.091     7.168 r  u0/clk_gen/inst/clkout1_buf/O
                         net (fo=7, routed)           1.561     8.729    u1/cnt_reg[0]_0
    SLICE_X40Y60         FDCE                                         r  u1/cnt_reg[5]/C
                         clock pessimism              0.629     9.358    
                         clock uncertainty           -0.072     9.286    
    SLICE_X40Y60         FDCE (Setup_fdce_C_D)        0.031     9.317    u1/cnt_reg[5]
  -------------------------------------------------------------------
                         required time                          9.317    
                         arrival time                          -0.862    
  -------------------------------------------------------------------
                         slack                                  8.455    

Slack (MET) :             8.526ns  (required time - arrival time)
  Source:                 u1/cnt_reg[3]/C
                            (rising edge-triggered cell FDCE clocked by clk_out1_clk_wiz_0  {rise@0.000ns fall@5.000ns period=10.000ns})
  Destination:            u1/cnt_reg[4]/D
                            (rising edge-triggered cell FDCE clocked by clk_out1_clk_wiz_0  {rise@0.000ns fall@5.000ns period=10.000ns})
  Path Group:             clk_out1_clk_wiz_0
  Path Type:              Setup (Max at Slow Process Corner)
  Requirement:            10.000ns  (clk_out1_clk_wiz_0 rise@10.000ns - clk_out1_clk_wiz_0 rise@0.000ns)
  Data Path Delay:        1.409ns  (logic 0.716ns (50.811%)  route 0.693ns (49.189%))
  Logic Levels:           1  (LUT6=1)
  Clock Path Skew:        -0.022ns (DCD - SCD + CPR)
    Destination Clock Delay (DCD):    -1.271ns = ( 8.729 - 10.000 ) 
    Source Clock Delay      (SCD):    -0.620ns
    Clock Pessimism Removal (CPR):    0.629ns
  Clock Uncertainty:      0.072ns  ((TSJ^2 + DJ^2)^1/2) / 2 + PE
    Total System Jitter     (TSJ):    0.071ns
    Discrete Jitter          (DJ):    0.125ns
    Phase Error              (PE):    0.000ns

    Location             Delay type                Incr(ns)  Path(ns)    Netlist Resource(s)
  -------------------------------------------------------------------    -------------------
                         (clock clk_out1_clk_wiz_0 rise edge)
                                                      0.000     0.000 r  
    K17                                               0.000     0.000 r  clk_ref (IN)
                         net (fo=0)                   0.000     0.000    u0/clk_gen/inst/clk_in1
    K17                  IBUF (Prop_ibuf_I_O)         1.492     1.492 r  u0/clk_gen/inst/clkin1_ibufg/O
                         net (fo=1, routed)           1.285     2.777    u0/clk_gen/inst/clk_in1_clk_wiz_0
    MMCME2_ADV_X0Y1      MMCME2_ADV (Prop_mmcme2_adv_CLKIN1_CLKOUT0)
                                                     -6.996    -4.219 r  u0/clk_gen/inst/mmcm_adv_inst/CLKOUT0
                         net (fo=1, routed)           1.760    -2.459    u0/clk_gen/inst/clk_out1_clk_wiz_0
    BUFGCTRL_X0Y16       BUFG (Prop_bufg_I_O)         0.101    -2.358 r  u0/clk_gen/inst/clkout1_buf/O
                         net (fo=7, routed)           1.738    -0.620    u1/cnt_reg[0]_0
    SLICE_X41Y60         FDCE                                         r  u1/cnt_reg[3]/C
  -------------------------------------------------------------------    -------------------
    SLICE_X41Y60         FDCE (Prop_fdce_C_Q)         0.419    -0.201 r  u1/cnt_reg[3]/Q
                         net (fo=5, routed)           0.693     0.492    u1/cnt_reg_n_0_[3]
    SLICE_X40Y60         LUT6 (Prop_lut6_I1_O)        0.297     0.789 r  u1/cnt[4]_i_1/O
                         net (fo=1, routed)           0.000     0.789    u1/cnt[4]
    SLICE_X40Y60         FDCE                                         r  u1/cnt_reg[4]/D
  -------------------------------------------------------------------    -------------------

                         (clock clk_out1_clk_wiz_0 rise edge)
                                                     10.000    10.000 r  
    K17                                               0.000    10.000 r  clk_ref (IN)
                         net (fo=0)                   0.000    10.000    u0/clk_gen/inst/clk_in1
    K17                  IBUF (Prop_ibuf_I_O)         1.421    11.421 r  u0/clk_gen/inst/clkin1_ibufg/O
                         net (fo=1, routed)           1.162    12.583    u0/clk_gen/inst/clk_in1_clk_wiz_0
    MMCME2_ADV_X0Y1      MMCME2_ADV (Prop_mmcme2_adv_CLKIN1_CLKOUT0)
                                                     -7.105     5.478 r  u0/clk_gen/inst/mmcm_adv_inst/CLKOUT0
                         net (fo=1, routed)           1.599     7.077    u0/clk_gen/inst/clk_out1_clk_wiz_0
    BUFGCTRL_X0Y16       BUFG (Prop_bufg_I_O)         0.091     7.168 r  u0/clk_gen/inst/clkout1_buf/O
                         net (fo=7, routed)           1.561     8.729    u1/cnt_reg[0]_0
    SLICE_X40Y60         FDCE                                         r  u1/cnt_reg[4]/C
                         clock pessimism              0.629     9.358    
                         clock uncertainty           -0.072     9.286    
    SLICE_X40Y60         FDCE (Setup_fdce_C_D)        0.029     9.315    u1/cnt_reg[4]
  -------------------------------------------------------------------
                         required time                          9.315    
                         arrival time                          -0.789    
  -------------------------------------------------------------------
                         slack                                  8.526    

Slack (MET) :             8.559ns  (required time - arrival time)
  Source:                 u1/cnt_reg[3]/C
                            (rising edge-triggered cell FDCE clocked by clk_out1_clk_wiz_0  {rise@0.000ns fall@5.000ns period=10.000ns})
  Destination:            u1/cnt_reg[3]/D
                            (rising edge-triggered cell FDCE clocked by clk_out1_clk_wiz_0  {rise@0.000ns fall@5.000ns period=10.000ns})
  Path Group:             clk_out1_clk_wiz_0
  Path Type:              Setup (Max at Slow Process Corner)
  Requirement:            10.000ns  (clk_out1_clk_wiz_0 rise@10.000ns - clk_out1_clk_wiz_0 rise@0.000ns)
  Data Path Delay:        1.445ns  (logic 0.746ns (51.638%)  route 0.699ns (48.362%))
  Logic Levels:           1  (LUT4=1)
  Clock Path Skew:        0.000ns (DCD - SCD + CPR)
    Destination Clock Delay (DCD):    -1.271ns = ( 8.729 - 10.000 ) 
    Source Clock Delay      (SCD):    -0.620ns
    Clock Pessimism Removal (CPR):    0.651ns
  Clock Uncertainty:      0.072ns  ((TSJ^2 + DJ^2)^1/2) / 2 + PE
    Total System Jitter     (TSJ):    0.071ns
    Discrete Jitter          (DJ):    0.125ns
    Phase Error              (PE):    0.000ns

    Location             Delay type                Incr(ns)  Path(ns)    Netlist Resource(s)
  -------------------------------------------------------------------    -------------------
                         (clock clk_out1_clk_wiz_0 rise edge)
                                                      0.000     0.000 r  
    K17                                               0.000     0.000 r  clk_ref (IN)
                         net (fo=0)                   0.000     0.000    u0/clk_gen/inst/clk_in1
    K17                  IBUF (Prop_ibuf_I_O)         1.492     1.492 r  u0/clk_gen/inst/clkin1_ibufg/O
                         net (fo=1, routed)           1.285     2.777    u0/clk_gen/inst/clk_in1_clk_wiz_0
    MMCME2_ADV_X0Y1      MMCME2_ADV (Prop_mmcme2_adv_CLKIN1_CLKOUT0)
                                                     -6.996    -4.219 r  u0/clk_gen/inst/mmcm_adv_inst/CLKOUT0
                         net (fo=1, routed)           1.760    -2.459    u0/clk_gen/inst/clk_out1_clk_wiz_0
    BUFGCTRL_X0Y16       BUFG (Prop_bufg_I_O)         0.101    -2.358 r  u0/clk_gen/inst/clkout1_buf/O
                         net (fo=7, routed)           1.738    -0.620    u1/cnt_reg[0]_0
    SLICE_X41Y60         FDCE                                         r  u1/cnt_reg[3]/C
  -------------------------------------------------------------------    -------------------
    SLICE_X41Y60         FDCE (Prop_fdce_C_Q)         0.419    -0.201 r  u1/cnt_reg[3]/Q
                         net (fo=5, routed)           0.699     0.497    u1/cnt_reg_n_0_[3]
    SLICE_X41Y60         LUT4 (Prop_lut4_I1_O)        0.327     0.824 r  u1/cnt[3]_i_1/O
                         net (fo=1, routed)           0.000     0.824    u1/cnt[3]
    SLICE_X41Y60         FDCE                                         r  u1/cnt_reg[3]/D
  -------------------------------------------------------------------    -------------------

                         (clock clk_out1_clk_wiz_0 rise edge)
                                                     10.000    10.000 r  
    K17                                               0.000    10.000 r  clk_ref (IN)
                         net (fo=0)                   0.000    10.000    u0/clk_gen/inst/clk_in1
    K17                  IBUF (Prop_ibuf_I_O)         1.421    11.421 r  u0/clk_gen/inst/clkin1_ibufg/O
                         net (fo=1, routed)           1.162    12.583    u0/clk_gen/inst/clk_in1_clk_wiz_0
    MMCME2_ADV_X0Y1      MMCME2_ADV (Prop_mmcme2_adv_CLKIN1_CLKOUT0)
                                                     -7.105     5.478 r  u0/clk_gen/inst/mmcm_adv_inst/CLKOUT0
                         net (fo=1, routed)           1.599     7.077    u0/clk_gen/inst/clk_out1_clk_wiz_0
    BUFGCTRL_X0Y16       BUFG (Prop_bufg_I_O)         0.091     7.168 r  u0/clk_gen/inst/clkout1_buf/O
                         net (fo=7, routed)           1.561     8.729    u1/cnt_reg[0]_0
    SLICE_X41Y60         FDCE                                         r  u1/cnt_reg[3]/C
                         clock pessimism              0.651     9.380    
                         clock uncertainty           -0.072     9.308    
    SLICE_X41Y60         FDCE (Setup_fdce_C_D)        0.075     9.383    u1/cnt_reg[3]
  -------------------------------------------------------------------
                         required time                          9.383    
                         arrival time                          -0.824    
  -------------------------------------------------------------------
                         slack                                  8.559    

Slack (MET) :             8.678ns  (required time - arrival time)
  Source:                 u1/cnt_reg[2]/C
                            (rising edge-triggered cell FDCE clocked by clk_out1_clk_wiz_0  {rise@0.000ns fall@5.000ns period=10.000ns})
  Destination:            u1/cnt_reg[2]/D
                            (rising edge-triggered cell FDCE clocked by clk_out1_clk_wiz_0  {rise@0.000ns fall@5.000ns period=10.000ns})
  Path Group:             clk_out1_clk_wiz_0
  Path Type:              Setup (Max at Slow Process Corner)
  Requirement:            10.000ns  (clk_out1_clk_wiz_0 rise@10.000ns - clk_out1_clk_wiz_0 rise@0.000ns)
  Data Path Delay:        1.281ns  (logic 0.580ns (45.265%)  route 0.701ns (54.735%))
  Logic Levels:           1  (LUT3=1)
  Clock Path Skew:        0.000ns (DCD - SCD + CPR)
    Destination Clock Delay (DCD):    -1.271ns = ( 8.729 - 10.000 ) 
    Source Clock Delay      (SCD):    -0.620ns
    Clock Pessimism Removal (CPR):    0.651ns
  Clock Uncertainty:      0.072ns  ((TSJ^2 + DJ^2)^1/2) / 2 + PE
    Total System Jitter     (TSJ):    0.071ns
    Discrete Jitter          (DJ):    0.125ns
    Phase Error              (PE):    0.000ns

    Location             Delay type                Incr(ns)  Path(ns)    Netlist Resource(s)
  -------------------------------------------------------------------    -------------------
                         (clock clk_out1_clk_wiz_0 rise edge)
                                                      0.000     0.000 r  
    K17                                               0.000     0.000 r  clk_ref (IN)
                         net (fo=0)                   0.000     0.000    u0/clk_gen/inst/clk_in1
    K17                  IBUF (Prop_ibuf_I_O)         1.492     1.492 r  u0/clk_gen/inst/clkin1_ibufg/O
                         net (fo=1, routed)           1.285     2.777    u0/clk_gen/inst/clk_in1_clk_wiz_0
    MMCME2_ADV_X0Y1      MMCME2_ADV (Prop_mmcme2_adv_CLKIN1_CLKOUT0)
                                                     -6.996    -4.219 r  u0/clk_gen/inst/mmcm_adv_inst/CLKOUT0
                         net (fo=1, routed)           1.760    -2.459    u0/clk_gen/inst/clk_out1_clk_wiz_0
    BUFGCTRL_X0Y16       BUFG (Prop_bufg_I_O)         0.101    -2.358 r  u0/clk_gen/inst/clkout1_buf/O
                         net (fo=7, routed)           1.738    -0.620    u1/cnt_reg[0]_0
    SLICE_X41Y60         FDCE                                         r  u1/cnt_reg[2]/C
  -------------------------------------------------------------------    -------------------
    SLICE_X41Y60         FDCE (Prop_fdce_C_Q)         0.456    -0.164 r  u1/cnt_reg[2]/Q
                         net (fo=6, routed)           0.701     0.537    u1/cnt_reg_n_0_[2]
    SLICE_X41Y60         LUT3 (Prop_lut3_I1_O)        0.124     0.661 r  u1/cnt[2]_i_1/O
                         net (fo=1, routed)           0.000     0.661    u1/cnt[2]
    SLICE_X41Y60         FDCE                                         r  u1/cnt_reg[2]/D
  -------------------------------------------------------------------    -------------------

                         (clock clk_out1_clk_wiz_0 rise edge)
                                                     10.000    10.000 r  
    K17                                               0.000    10.000 r  clk_ref (IN)
                         net (fo=0)                   0.000    10.000    u0/clk_gen/inst/clk_in1
    K17                  IBUF (Prop_ibuf_I_O)         1.421    11.421 r  u0/clk_gen/inst/clkin1_ibufg/O
                         net (fo=1, routed)           1.162    12.583    u0/clk_gen/inst/clk_in1_clk_wiz_0
    MMCME2_ADV_X0Y1      MMCME2_ADV (Prop_mmcme2_adv_CLKIN1_CLKOUT0)
                                                     -7.105     5.478 r  u0/clk_gen/inst/mmcm_adv_inst/CLKOUT0
                         net (fo=1, routed)           1.599     7.077    u0/clk_gen/inst/clk_out1_clk_wiz_0
    BUFGCTRL_X0Y16       BUFG (Prop_bufg_I_O)         0.091     7.168 r  u0/clk_gen/inst/clkout1_buf/O
                         net (fo=7, routed)           1.561     8.729    u1/cnt_reg[0]_0
    SLICE_X41Y60         FDCE                                         r  u1/cnt_reg[2]/C
                         clock pessimism              0.651     9.380    
                         clock uncertainty           -0.072     9.308    
    SLICE_X41Y60         FDCE (Setup_fdce_C_D)        0.031     9.339    u1/cnt_reg[2]
  -------------------------------------------------------------------
                         required time                          9.339    
                         arrival time                          -0.661    
  -------------------------------------------------------------------
                         slack                                  8.678    

Slack (MET) :             8.852ns  (required time - arrival time)
  Source:                 u1/cnt_reg[0]/C
                            (rising edge-triggered cell FDCE clocked by clk_out1_clk_wiz_0  {rise@0.000ns fall@5.000ns period=10.000ns})
  Destination:            u1/cnt_reg[0]/D
                            (rising edge-triggered cell FDCE clocked by clk_out1_clk_wiz_0  {rise@0.000ns fall@5.000ns period=10.000ns})
  Path Group:             clk_out1_clk_wiz_0
  Path Type:              Setup (Max at Slow Process Corner)
  Requirement:            10.000ns  (clk_out1_clk_wiz_0 rise@10.000ns - clk_out1_clk_wiz_0 rise@0.000ns)
  Data Path Delay:        1.108ns  (logic 0.580ns (52.337%)  route 0.528ns (47.663%))
  Logic Levels:           1  (LUT1=1)
  Clock Path Skew:        0.000ns (DCD - SCD + CPR)
    Destination Clock Delay (DCD):    -1.271ns = ( 8.729 - 10.000 ) 
    Source Clock Delay      (SCD):    -0.620ns
    Clock Pessimism Removal (CPR):    0.651ns
  Clock Uncertainty:      0.072ns  ((TSJ^2 + DJ^2)^1/2) / 2 + PE
    Total System Jitter     (TSJ):    0.071ns
    Discrete Jitter          (DJ):    0.125ns
    Phase Error              (PE):    0.000ns

    Location             Delay type                Incr(ns)  Path(ns)    Netlist Resource(s)
  -------------------------------------------------------------------    -------------------
                         (clock clk_out1_clk_wiz_0 rise edge)
                                                      0.000     0.000 r  
    K17                                               0.000     0.000 r  clk_ref (IN)
                         net (fo=0)                   0.000     0.000    u0/clk_gen/inst/clk_in1
    K17                  IBUF (Prop_ibuf_I_O)         1.492     1.492 r  u0/clk_gen/inst/clkin1_ibufg/O
                         net (fo=1, routed)           1.285     2.777    u0/clk_gen/inst/clk_in1_clk_wiz_0
    MMCME2_ADV_X0Y1      MMCME2_ADV (Prop_mmcme2_adv_CLKIN1_CLKOUT0)
                                                     -6.996    -4.219 r  u0/clk_gen/inst/mmcm_adv_inst/CLKOUT0
                         net (fo=1, routed)           1.760    -2.459    u0/clk_gen/inst/clk_out1_clk_wiz_0
    BUFGCTRL_X0Y16       BUFG (Prop_bufg_I_O)         0.101    -2.358 r  u0/clk_gen/inst/clkout1_buf/O
                         net (fo=7, routed)           1.738    -0.620    u1/cnt_reg[0]_0
    SLICE_X41Y60         FDCE                                         r  u1/cnt_reg[0]/C
  -------------------------------------------------------------------    -------------------
    SLICE_X41Y60         FDCE (Prop_fdce_C_Q)         0.456    -0.164 f  u1/cnt_reg[0]/Q
                         net (fo=7, routed)           0.528     0.364    u1/cnt_reg_n_0_[0]
    SLICE_X41Y60         LUT1 (Prop_lut1_I0_O)        0.124     0.488 r  u1/cnt[0]_i_1__0/O
                         net (fo=1, routed)           0.000     0.488    u1/cnt[0]_i_1__0_n_0
    SLICE_X41Y60         FDCE                                         r  u1/cnt_reg[0]/D
  -------------------------------------------------------------------    -------------------

                         (clock clk_out1_clk_wiz_0 rise edge)
                                                     10.000    10.000 r  
    K17                                               0.000    10.000 r  clk_ref (IN)
                         net (fo=0)                   0.000    10.000    u0/clk_gen/inst/clk_in1
    K17                  IBUF (Prop_ibuf_I_O)         1.421    11.421 r  u0/clk_gen/inst/clkin1_ibufg/O
                         net (fo=1, routed)           1.162    12.583    u0/clk_gen/inst/clk_in1_clk_wiz_0
    MMCME2_ADV_X0Y1      MMCME2_ADV (Prop_mmcme2_adv_CLKIN1_CLKOUT0)
                                                     -7.105     5.478 r  u0/clk_gen/inst/mmcm_adv_inst/CLKOUT0
                         net (fo=1, routed)           1.599     7.077    u0/clk_gen/inst/clk_out1_clk_wiz_0
    BUFGCTRL_X0Y16       BUFG (Prop_bufg_I_O)         0.091     7.168 r  u0/clk_gen/inst/clkout1_buf/O
                         net (fo=7, routed)           1.561     8.729    u1/cnt_reg[0]_0
    SLICE_X41Y60         FDCE                                         r  u1/cnt_reg[0]/C
                         clock pessimism              0.651     9.380    
                         clock uncertainty           -0.072     9.308    
    SLICE_X41Y60         FDCE (Setup_fdce_C_D)        0.032     9.340    u1/cnt_reg[0]
  -------------------------------------------------------------------
                         required time                          9.340    
                         arrival time                          -0.488    
  -------------------------------------------------------------------
                         slack                                  8.852    





Min Delay Paths
--------------------------------------------------------------------------------------
Slack (MET) :             0.184ns  (arrival time - required time)
  Source:                 u1/cnt_reg[2]/C
                            (rising edge-triggered cell FDCE clocked by clk_out1_clk_wiz_0  {rise@0.000ns fall@5.000ns period=10.000ns})
  Destination:            u1/cnt_reg[5]/D
                            (rising edge-triggered cell FDCE clocked by clk_out1_clk_wiz_0  {rise@0.000ns fall@5.000ns period=10.000ns})
  Path Group:             clk_out1_clk_wiz_0
  Path Type:              Hold (Min at Fast Process Corner)
  Requirement:            0.000ns  (clk_out1_clk_wiz_0 rise@0.000ns - clk_out1_clk_wiz_0 rise@0.000ns)
  Data Path Delay:        0.289ns  (logic 0.186ns (64.421%)  route 0.103ns (35.579%))
  Logic Levels:           1  (LUT6=1)
  Clock Path Skew:        0.013ns (DCD - SCD - CPR)
    Destination Clock Delay (DCD):    -0.707ns
    Source Clock Delay      (SCD):    -0.474ns
    Clock Pessimism Removal (CPR):    -0.245ns

    Location             Delay type                Incr(ns)  Path(ns)    Netlist Resource(s)
  -------------------------------------------------------------------    -------------------
                         (clock clk_out1_clk_wiz_0 rise edge)
                                                      0.000     0.000 r  
    K17                                               0.000     0.000 r  clk_ref (IN)
                         net (fo=0)                   0.000     0.000    u0/clk_gen/inst/clk_in1
    K17                  IBUF (Prop_ibuf_I_O)         0.259     0.259 r  u0/clk_gen/inst/clkin1_ibufg/O
                         net (fo=1, routed)           0.440     0.700    u0/clk_gen/inst/clk_in1_clk_wiz_0
    MMCME2_ADV_X0Y1      MMCME2_ADV (Prop_mmcme2_adv_CLKIN1_CLKOUT0)
                                                     -2.268    -1.568 r  u0/clk_gen/inst/mmcm_adv_inst/CLKOUT0
                         net (fo=1, routed)           0.482    -1.086    u0/clk_gen/inst/clk_out1_clk_wiz_0
    BUFGCTRL_X0Y16       BUFG (Prop_bufg_I_O)         0.026    -1.060 r  u0/clk_gen/inst/clkout1_buf/O
                         net (fo=7, routed)           0.586    -0.474    u1/cnt_reg[0]_0
    SLICE_X41Y60         FDCE                                         r  u1/cnt_reg[2]/C
  -------------------------------------------------------------------    -------------------
    SLICE_X41Y60         FDCE (Prop_fdce_C_Q)         0.141    -0.333 r  u1/cnt_reg[2]/Q
                         net (fo=6, routed)           0.103    -0.231    u1/cnt_reg_n_0_[2]
    SLICE_X40Y60         LUT6 (Prop_lut6_I2_O)        0.045    -0.186 r  u1/cnt[5]_i_1/O
                         net (fo=1, routed)           0.000    -0.186    u1/cnt[5]
    SLICE_X40Y60         FDCE                                         r  u1/cnt_reg[5]/D
  -------------------------------------------------------------------    -------------------

                         (clock clk_out1_clk_wiz_0 rise edge)
                                                      0.000     0.000 r  
    K17                                               0.000     0.000 r  clk_ref (IN)
                         net (fo=0)                   0.000     0.000    u0/clk_gen/inst/clk_in1
    K17                  IBUF (Prop_ibuf_I_O)         0.447     0.447 r  u0/clk_gen/inst/clkin1_ibufg/O
                         net (fo=1, routed)           0.480     0.927    u0/clk_gen/inst/clk_in1_clk_wiz_0
    MMCME2_ADV_X0Y1      MMCME2_ADV (Prop_mmcme2_adv_CLKIN1_CLKOUT0)
                                                     -3.047    -2.120 r  u0/clk_gen/inst/mmcm_adv_inst/CLKOUT0
                         net (fo=1, routed)           0.528    -1.592    u0/clk_gen/inst/clk_out1_clk_wiz_0
    BUFGCTRL_X0Y16       BUFG (Prop_bufg_I_O)         0.029    -1.563 r  u0/clk_gen/inst/clkout1_buf/O
                         net (fo=7, routed)           0.856    -0.707    u1/cnt_reg[0]_0
    SLICE_X40Y60         FDCE                                         r  u1/cnt_reg[5]/C
                         clock pessimism              0.245    -0.461    
    SLICE_X40Y60         FDCE (Hold_fdce_C_D)         0.092    -0.369    u1/cnt_reg[5]
  -------------------------------------------------------------------
                         required time                          0.369    
                         arrival time                          -0.186    
  -------------------------------------------------------------------
                         slack                                  0.184    

Slack (MET) :             0.186ns  (arrival time - required time)
  Source:                 u1/cnt_reg[2]/C
                            (rising edge-triggered cell FDCE clocked by clk_out1_clk_wiz_0  {rise@0.000ns fall@5.000ns period=10.000ns})
  Destination:            u1/cnt_reg[4]/D
                            (rising edge-triggered cell FDCE clocked by clk_out1_clk_wiz_0  {rise@0.000ns fall@5.000ns period=10.000ns})
  Path Group:             clk_out1_clk_wiz_0
  Path Type:              Hold (Min at Fast Process Corner)
  Requirement:            0.000ns  (clk_out1_clk_wiz_0 rise@0.000ns - clk_out1_clk_wiz_0 rise@0.000ns)
  Data Path Delay:        0.290ns  (logic 0.186ns (64.199%)  route 0.104ns (35.801%))
  Logic Levels:           1  (LUT6=1)
  Clock Path Skew:        0.013ns (DCD - SCD - CPR)
    Destination Clock Delay (DCD):    -0.707ns
    Source Clock Delay      (SCD):    -0.474ns
    Clock Pessimism Removal (CPR):    -0.245ns

    Location             Delay type                Incr(ns)  Path(ns)    Netlist Resource(s)
  -------------------------------------------------------------------    -------------------
                         (clock clk_out1_clk_wiz_0 rise edge)
                                                      0.000     0.000 r  
    K17                                               0.000     0.000 r  clk_ref (IN)
                         net (fo=0)                   0.000     0.000    u0/clk_gen/inst/clk_in1
    K17                  IBUF (Prop_ibuf_I_O)         0.259     0.259 r  u0/clk_gen/inst/clkin1_ibufg/O
                         net (fo=1, routed)           0.440     0.700    u0/clk_gen/inst/clk_in1_clk_wiz_0
    MMCME2_ADV_X0Y1      MMCME2_ADV (Prop_mmcme2_adv_CLKIN1_CLKOUT0)
                                                     -2.268    -1.568 r  u0/clk_gen/inst/mmcm_adv_inst/CLKOUT0
                         net (fo=1, routed)           0.482    -1.086    u0/clk_gen/inst/clk_out1_clk_wiz_0
    BUFGCTRL_X0Y16       BUFG (Prop_bufg_I_O)         0.026    -1.060 r  u0/clk_gen/inst/clkout1_buf/O
                         net (fo=7, routed)           0.586    -0.474    u1/cnt_reg[0]_0
    SLICE_X41Y60         FDCE                                         r  u1/cnt_reg[2]/C
  -------------------------------------------------------------------    -------------------
    SLICE_X41Y60         FDCE (Prop_fdce_C_Q)         0.141    -0.333 r  u1/cnt_reg[2]/Q
                         net (fo=6, routed)           0.104    -0.230    u1/cnt_reg_n_0_[2]
    SLICE_X40Y60         LUT6 (Prop_lut6_I2_O)        0.045    -0.185 r  u1/cnt[4]_i_1/O
                         net (fo=1, routed)           0.000    -0.185    u1/cnt[4]
    SLICE_X40Y60         FDCE                                         r  u1/cnt_reg[4]/D
  -------------------------------------------------------------------    -------------------

                         (clock clk_out1_clk_wiz_0 rise edge)
                                                      0.000     0.000 r  
    K17                                               0.000     0.000 r  clk_ref (IN)
                         net (fo=0)                   0.000     0.000    u0/clk_gen/inst/clk_in1
    K17                  IBUF (Prop_ibuf_I_O)         0.447     0.447 r  u0/clk_gen/inst/clkin1_ibufg/O
                         net (fo=1, routed)           0.480     0.927    u0/clk_gen/inst/clk_in1_clk_wiz_0
    MMCME2_ADV_X0Y1      MMCME2_ADV (Prop_mmcme2_adv_CLKIN1_CLKOUT0)
                                                     -3.047    -2.120 r  u0/clk_gen/inst/mmcm_adv_inst/CLKOUT0
                         net (fo=1, routed)           0.528    -1.592    u0/clk_gen/inst/clk_out1_clk_wiz_0
    BUFGCTRL_X0Y16       BUFG (Prop_bufg_I_O)         0.029    -1.563 r  u0/clk_gen/inst/clkout1_buf/O
                         net (fo=7, routed)           0.856    -0.707    u1/cnt_reg[0]_0
    SLICE_X40Y60         FDCE                                         r  u1/cnt_reg[4]/C
                         clock pessimism              0.245    -0.461    
    SLICE_X40Y60         FDCE (Hold_fdce_C_D)         0.091    -0.370    u1/cnt_reg[4]
  -------------------------------------------------------------------
                         required time                          0.370    
                         arrival time                          -0.185    
  -------------------------------------------------------------------
                         slack                                  0.186    

Slack (MET) :             0.201ns  (arrival time - required time)
  Source:                 u1/cnt_reg[4]/C
                            (rising edge-triggered cell FDCE clocked by clk_out1_clk_wiz_0  {rise@0.000ns fall@5.000ns period=10.000ns})
  Destination:            u1/cnt_reg[1]/D
                            (rising edge-triggered cell FDCE clocked by clk_out1_clk_wiz_0  {rise@0.000ns fall@5.000ns period=10.000ns})
  Path Group:             clk_out1_clk_wiz_0
  Path Type:              Hold (Min at Fast Process Corner)
  Requirement:            0.000ns  (clk_out1_clk_wiz_0 rise@0.000ns - clk_out1_clk_wiz_0 rise@0.000ns)
  Data Path Delay:        0.306ns  (logic 0.186ns (60.786%)  route 0.120ns (39.214%))
  Logic Levels:           1  (LUT6=1)
  Clock Path Skew:        0.013ns (DCD - SCD - CPR)
    Destination Clock Delay (DCD):    -0.707ns
    Source Clock Delay      (SCD):    -0.474ns
    Clock Pessimism Removal (CPR):    -0.245ns

    Location             Delay type                Incr(ns)  Path(ns)    Netlist Resource(s)
  -------------------------------------------------------------------    -------------------
                         (clock clk_out1_clk_wiz_0 rise edge)
                                                      0.000     0.000 r  
    K17                                               0.000     0.000 r  clk_ref (IN)
                         net (fo=0)                   0.000     0.000    u0/clk_gen/inst/clk_in1
    K17                  IBUF (Prop_ibuf_I_O)         0.259     0.259 r  u0/clk_gen/inst/clkin1_ibufg/O
                         net (fo=1, routed)           0.440     0.700    u0/clk_gen/inst/clk_in1_clk_wiz_0
    MMCME2_ADV_X0Y1      MMCME2_ADV (Prop_mmcme2_adv_CLKIN1_CLKOUT0)
                                                     -2.268    -1.568 r  u0/clk_gen/inst/mmcm_adv_inst/CLKOUT0
                         net (fo=1, routed)           0.482    -1.086    u0/clk_gen/inst/clk_out1_clk_wiz_0
    BUFGCTRL_X0Y16       BUFG (Prop_bufg_I_O)         0.026    -1.060 r  u0/clk_gen/inst/clkout1_buf/O
                         net (fo=7, routed)           0.586    -0.474    u1/cnt_reg[0]_0
    SLICE_X40Y60         FDCE                                         r  u1/cnt_reg[4]/C
  -------------------------------------------------------------------    -------------------
    SLICE_X40Y60         FDCE (Prop_fdce_C_Q)         0.141    -0.333 f  u1/cnt_reg[4]/Q
                         net (fo=4, routed)           0.120    -0.213    u1/cnt_reg_n_0_[4]
    SLICE_X41Y60         LUT6 (Prop_lut6_I4_O)        0.045    -0.168 r  u1/cnt[1]_i_1/O
                         net (fo=1, routed)           0.000    -0.168    u1/cnt[1]
    SLICE_X41Y60         FDCE                                         r  u1/cnt_reg[1]/D
  -------------------------------------------------------------------    -------------------

                         (clock clk_out1_clk_wiz_0 rise edge)
                                                      0.000     0.000 r  
    K17                                               0.000     0.000 r  clk_ref (IN)
                         net (fo=0)                   0.000     0.000    u0/clk_gen/inst/clk_in1
    K17                  IBUF (Prop_ibuf_I_O)         0.447     0.447 r  u0/clk_gen/inst/clkin1_ibufg/O
                         net (fo=1, routed)           0.480     0.927    u0/clk_gen/inst/clk_in1_clk_wiz_0
    MMCME2_ADV_X0Y1      MMCME2_ADV (Prop_mmcme2_adv_CLKIN1_CLKOUT0)
                                                     -3.047    -2.120 r  u0/clk_gen/inst/mmcm_adv_inst/CLKOUT0
                         net (fo=1, routed)           0.528    -1.592    u0/clk_gen/inst/clk_out1_clk_wiz_0
    BUFGCTRL_X0Y16       BUFG (Prop_bufg_I_O)         0.029    -1.563 r  u0/clk_gen/inst/clkout1_buf/O
                         net (fo=7, routed)           0.856    -0.707    u1/cnt_reg[0]_0
    SLICE_X41Y60         FDCE                                         r  u1/cnt_reg[1]/C
                         clock pessimism              0.245    -0.461    
    SLICE_X41Y60         FDCE (Hold_fdce_C_D)         0.092    -0.369    u1/cnt_reg[1]
  -------------------------------------------------------------------
                         required time                          0.369    
                         arrival time                          -0.168    
  -------------------------------------------------------------------
                         slack                                  0.201    

Slack (MET) :             0.201ns  (arrival time - required time)
  Source:                 u1/cnt_reg[4]/C
                            (rising edge-triggered cell FDCE clocked by clk_out1_clk_wiz_0  {rise@0.000ns fall@5.000ns period=10.000ns})
  Destination:            u1/clk_div_reg/D
                            (rising edge-triggered cell FDCE clocked by clk_out1_clk_wiz_0  {rise@0.000ns fall@5.000ns period=10.000ns})
  Path Group:             clk_out1_clk_wiz_0
  Path Type:              Hold (Min at Fast Process Corner)
  Requirement:            0.000ns  (clk_out1_clk_wiz_0 rise@0.000ns - clk_out1_clk_wiz_0 rise@0.000ns)
  Data Path Delay:        0.305ns  (logic 0.186ns (60.985%)  route 0.119ns (39.015%))
  Logic Levels:           1  (LUT6=1)
  Clock Path Skew:        0.013ns (DCD - SCD - CPR)
    Destination Clock Delay (DCD):    -0.707ns
    Source Clock Delay      (SCD):    -0.474ns
    Clock Pessimism Removal (CPR):    -0.245ns

    Location             Delay type                Incr(ns)  Path(ns)    Netlist Resource(s)
  -------------------------------------------------------------------    -------------------
                         (clock clk_out1_clk_wiz_0 rise edge)
                                                      0.000     0.000 r  
    K17                                               0.000     0.000 r  clk_ref (IN)
                         net (fo=0)                   0.000     0.000    u0/clk_gen/inst/clk_in1
    K17                  IBUF (Prop_ibuf_I_O)         0.259     0.259 r  u0/clk_gen/inst/clkin1_ibufg/O
                         net (fo=1, routed)           0.440     0.700    u0/clk_gen/inst/clk_in1_clk_wiz_0
    MMCME2_ADV_X0Y1      MMCME2_ADV (Prop_mmcme2_adv_CLKIN1_CLKOUT0)
                                                     -2.268    -1.568 r  u0/clk_gen/inst/mmcm_adv_inst/CLKOUT0
                         net (fo=1, routed)           0.482    -1.086    u0/clk_gen/inst/clk_out1_clk_wiz_0
    BUFGCTRL_X0Y16       BUFG (Prop_bufg_I_O)         0.026    -1.060 r  u0/clk_gen/inst/clkout1_buf/O
                         net (fo=7, routed)           0.586    -0.474    u1/cnt_reg[0]_0
    SLICE_X40Y60         FDCE                                         r  u1/cnt_reg[4]/C
  -------------------------------------------------------------------    -------------------
    SLICE_X40Y60         FDCE (Prop_fdce_C_Q)         0.141    -0.333 r  u1/cnt_reg[4]/Q
                         net (fo=4, routed)           0.119    -0.214    u1/cnt_reg_n_0_[4]
    SLICE_X41Y60         LUT6 (Prop_lut6_I2_O)        0.045    -0.169 r  u1/clk_div_i_1/O
                         net (fo=1, routed)           0.000    -0.169    u1/clk_div_i_1_n_0
    SLICE_X41Y60         FDCE                                         r  u1/clk_div_reg/D
  -------------------------------------------------------------------    -------------------

                         (clock clk_out1_clk_wiz_0 rise edge)
                                                      0.000     0.000 r  
    K17                                               0.000     0.000 r  clk_ref (IN)
                         net (fo=0)                   0.000     0.000    u0/clk_gen/inst/clk_in1
    K17                  IBUF (Prop_ibuf_I_O)         0.447     0.447 r  u0/clk_gen/inst/clkin1_ibufg/O
                         net (fo=1, routed)           0.480     0.927    u0/clk_gen/inst/clk_in1_clk_wiz_0
    MMCME2_ADV_X0Y1      MMCME2_ADV (Prop_mmcme2_adv_CLKIN1_CLKOUT0)
                                                     -3.047    -2.120 r  u0/clk_gen/inst/mmcm_adv_inst/CLKOUT0
                         net (fo=1, routed)           0.528    -1.592    u0/clk_gen/inst/clk_out1_clk_wiz_0
    BUFGCTRL_X0Y16       BUFG (Prop_bufg_I_O)         0.029    -1.563 r  u0/clk_gen/inst/clkout1_buf/O
                         net (fo=7, routed)           0.856    -0.707    u1/cnt_reg[0]_0
    SLICE_X41Y60         FDCE                                         r  u1/clk_div_reg/C
                         clock pessimism              0.245    -0.461    
    SLICE_X41Y60         FDCE (Hold_fdce_C_D)         0.091    -0.370    u1/clk_div_reg
  -------------------------------------------------------------------
                         required time                          0.370    
                         arrival time                          -0.169    
  -------------------------------------------------------------------
                         slack                                  0.201    

Slack (MET) :             0.268ns  (arrival time - required time)
  Source:                 u1/cnt_reg[0]/C
                            (rising edge-triggered cell FDCE clocked by clk_out1_clk_wiz_0  {rise@0.000ns fall@5.000ns period=10.000ns})
  Destination:            u1/cnt_reg[3]/D
                            (rising edge-triggered cell FDCE clocked by clk_out1_clk_wiz_0  {rise@0.000ns fall@5.000ns period=10.000ns})
  Path Group:             clk_out1_clk_wiz_0
  Path Type:              Hold (Min at Fast Process Corner)
  Requirement:            0.000ns  (clk_out1_clk_wiz_0 rise@0.000ns - clk_out1_clk_wiz_0 rise@0.000ns)
  Data Path Delay:        0.375ns  (logic 0.183ns (48.773%)  route 0.192ns (51.227%))
  Logic Levels:           1  (LUT4=1)
  Clock Path Skew:        0.000ns (DCD - SCD - CPR)
    Destination Clock Delay (DCD):    -0.707ns
    Source Clock Delay      (SCD):    -0.474ns
    Clock Pessimism Removal (CPR):    -0.232ns

    Location             Delay type                Incr(ns)  Path(ns)    Netlist Resource(s)
  -------------------------------------------------------------------    -------------------
                         (clock clk_out1_clk_wiz_0 rise edge)
                                                      0.000     0.000 r  
    K17                                               0.000     0.000 r  clk_ref (IN)
                         net (fo=0)                   0.000     0.000    u0/clk_gen/inst/clk_in1
    K17                  IBUF (Prop_ibuf_I_O)         0.259     0.259 r  u0/clk_gen/inst/clkin1_ibufg/O
                         net (fo=1, routed)           0.440     0.700    u0/clk_gen/inst/clk_in1_clk_wiz_0
    MMCME2_ADV_X0Y1      MMCME2_ADV (Prop_mmcme2_adv_CLKIN1_CLKOUT0)
                                                     -2.268    -1.568 r  u0/clk_gen/inst/mmcm_adv_inst/CLKOUT0
                         net (fo=1, routed)           0.482    -1.086    u0/clk_gen/inst/clk_out1_clk_wiz_0
    BUFGCTRL_X0Y16       BUFG (Prop_bufg_I_O)         0.026    -1.060 r  u0/clk_gen/inst/clkout1_buf/O
                         net (fo=7, routed)           0.586    -0.474    u1/cnt_reg[0]_0
    SLICE_X41Y60         FDCE                                         r  u1/cnt_reg[0]/C
  -------------------------------------------------------------------    -------------------
    SLICE_X41Y60         FDCE (Prop_fdce_C_Q)         0.141    -0.333 r  u1/cnt_reg[0]/Q
                         net (fo=7, routed)           0.192    -0.141    u1/cnt_reg_n_0_[0]
    SLICE_X41Y60         LUT4 (Prop_lut4_I0_O)        0.042    -0.099 r  u1/cnt[3]_i_1/O
                         net (fo=1, routed)           0.000    -0.099    u1/cnt[3]
    SLICE_X41Y60         FDCE                                         r  u1/cnt_reg[3]/D
  -------------------------------------------------------------------    -------------------

                         (clock clk_out1_clk_wiz_0 rise edge)
                                                      0.000     0.000 r  
    K17                                               0.000     0.000 r  clk_ref (IN)
                         net (fo=0)                   0.000     0.000    u0/clk_gen/inst/clk_in1
    K17                  IBUF (Prop_ibuf_I_O)         0.447     0.447 r  u0/clk_gen/inst/clkin1_ibufg/O
                         net (fo=1, routed)           0.480     0.927    u0/clk_gen/inst/clk_in1_clk_wiz_0
    MMCME2_ADV_X0Y1      MMCME2_ADV (Prop_mmcme2_adv_CLKIN1_CLKOUT0)
                                                     -3.047    -2.120 r  u0/clk_gen/inst/mmcm_adv_inst/CLKOUT0
                         net (fo=1, routed)           0.528    -1.592    u0/clk_gen/inst/clk_out1_clk_wiz_0
    BUFGCTRL_X0Y16       BUFG (Prop_bufg_I_O)         0.029    -1.563 r  u0/clk_gen/inst/clkout1_buf/O
                         net (fo=7, routed)           0.856    -0.707    u1/cnt_reg[0]_0
    SLICE_X41Y60         FDCE                                         r  u1/cnt_reg[3]/C
                         clock pessimism              0.232    -0.474    
    SLICE_X41Y60         FDCE (Hold_fdce_C_D)         0.107    -0.367    u1/cnt_reg[3]
  -------------------------------------------------------------------
                         required time                          0.367    
                         arrival time                          -0.099    
  -------------------------------------------------------------------
                         slack                                  0.268    

Slack (MET) :             0.285ns  (arrival time - required time)
  Source:                 u1/cnt_reg[0]/C
                            (rising edge-triggered cell FDCE clocked by clk_out1_clk_wiz_0  {rise@0.000ns fall@5.000ns period=10.000ns})
  Destination:            u1/cnt_reg[0]/D
                            (rising edge-triggered cell FDCE clocked by clk_out1_clk_wiz_0  {rise@0.000ns fall@5.000ns period=10.000ns})
  Path Group:             clk_out1_clk_wiz_0
  Path Type:              Hold (Min at Fast Process Corner)
  Requirement:            0.000ns  (clk_out1_clk_wiz_0 rise@0.000ns - clk_out1_clk_wiz_0 rise@0.000ns)
  Data Path Delay:        0.377ns  (logic 0.186ns (49.309%)  route 0.191ns (50.691%))
  Logic Levels:           1  (LUT1=1)
  Clock Path Skew:        0.000ns (DCD - SCD - CPR)
    Destination Clock Delay (DCD):    -0.707ns
    Source Clock Delay      (SCD):    -0.474ns
    Clock Pessimism Removal (CPR):    -0.232ns

    Location             Delay type                Incr(ns)  Path(ns)    Netlist Resource(s)
  -------------------------------------------------------------------    -------------------
                         (clock clk_out1_clk_wiz_0 rise edge)
                                                      0.000     0.000 r  
    K17                                               0.000     0.000 r  clk_ref (IN)
                         net (fo=0)                   0.000     0.000    u0/clk_gen/inst/clk_in1
    K17                  IBUF (Prop_ibuf_I_O)         0.259     0.259 r  u0/clk_gen/inst/clkin1_ibufg/O
                         net (fo=1, routed)           0.440     0.700    u0/clk_gen/inst/clk_in1_clk_wiz_0
    MMCME2_ADV_X0Y1      MMCME2_ADV (Prop_mmcme2_adv_CLKIN1_CLKOUT0)
                                                     -2.268    -1.568 r  u0/clk_gen/inst/mmcm_adv_inst/CLKOUT0
                         net (fo=1, routed)           0.482    -1.086    u0/clk_gen/inst/clk_out1_clk_wiz_0
    BUFGCTRL_X0Y16       BUFG (Prop_bufg_I_O)         0.026    -1.060 r  u0/clk_gen/inst/clkout1_buf/O
                         net (fo=7, routed)           0.586    -0.474    u1/cnt_reg[0]_0
    SLICE_X41Y60         FDCE                                         r  u1/cnt_reg[0]/C
  -------------------------------------------------------------------    -------------------
    SLICE_X41Y60         FDCE (Prop_fdce_C_Q)         0.141    -0.333 f  u1/cnt_reg[0]/Q
                         net (fo=7, routed)           0.191    -0.142    u1/cnt_reg_n_0_[0]
    SLICE_X41Y60         LUT1 (Prop_lut1_I0_O)        0.045    -0.097 r  u1/cnt[0]_i_1__0/O
                         net (fo=1, routed)           0.000    -0.097    u1/cnt[0]_i_1__0_n_0
    SLICE_X41Y60         FDCE                                         r  u1/cnt_reg[0]/D
  -------------------------------------------------------------------    -------------------

                         (clock clk_out1_clk_wiz_0 rise edge)
                                                      0.000     0.000 r  
    K17                                               0.000     0.000 r  clk_ref (IN)
                         net (fo=0)                   0.000     0.000    u0/clk_gen/inst/clk_in1
    K17                  IBUF (Prop_ibuf_I_O)         0.447     0.447 r  u0/clk_gen/inst/clkin1_ibufg/O
                         net (fo=1, routed)           0.480     0.927    u0/clk_gen/inst/clk_in1_clk_wiz_0
    MMCME2_ADV_X0Y1      MMCME2_ADV (Prop_mmcme2_adv_CLKIN1_CLKOUT0)
                                                     -3.047    -2.120 r  u0/clk_gen/inst/mmcm_adv_inst/CLKOUT0
                         net (fo=1, routed)           0.528    -1.592    u0/clk_gen/inst/clk_out1_clk_wiz_0
    BUFGCTRL_X0Y16       BUFG (Prop_bufg_I_O)         0.029    -1.563 r  u0/clk_gen/inst/clkout1_buf/O
                         net (fo=7, routed)           0.856    -0.707    u1/cnt_reg[0]_0
    SLICE_X41Y60         FDCE                                         r  u1/cnt_reg[0]/C
                         clock pessimism              0.232    -0.474    
    SLICE_X41Y60         FDCE (Hold_fdce_C_D)         0.092    -0.382    u1/cnt_reg[0]
  -------------------------------------------------------------------
                         required time                          0.382    
                         arrival time                          -0.097    
  -------------------------------------------------------------------
                         slack                                  0.285    

Slack (MET) :             0.286ns  (arrival time - required time)
  Source:                 u1/cnt_reg[0]/C
                            (rising edge-triggered cell FDCE clocked by clk_out1_clk_wiz_0  {rise@0.000ns fall@5.000ns period=10.000ns})
  Destination:            u1/cnt_reg[2]/D
                            (rising edge-triggered cell FDCE clocked by clk_out1_clk_wiz_0  {rise@0.000ns fall@5.000ns period=10.000ns})
  Path Group:             clk_out1_clk_wiz_0
  Path Type:              Hold (Min at Fast Process Corner)
  Requirement:            0.000ns  (clk_out1_clk_wiz_0 rise@0.000ns - clk_out1_clk_wiz_0 rise@0.000ns)
  Data Path Delay:        0.378ns  (logic 0.186ns (49.179%)  route 0.192ns (50.821%))
  Logic Levels:           1  (LUT3=1)
  Clock Path Skew:        0.000ns (DCD - SCD - CPR)
    Destination Clock Delay (DCD):    -0.707ns
    Source Clock Delay      (SCD):    -0.474ns
    Clock Pessimism Removal (CPR):    -0.232ns

    Location             Delay type                Incr(ns)  Path(ns)    Netlist Resource(s)
  -------------------------------------------------------------------    -------------------
                         (clock clk_out1_clk_wiz_0 rise edge)
                                                      0.000     0.000 r  
    K17                                               0.000     0.000 r  clk_ref (IN)
                         net (fo=0)                   0.000     0.000    u0/clk_gen/inst/clk_in1
    K17                  IBUF (Prop_ibuf_I_O)         0.259     0.259 r  u0/clk_gen/inst/clkin1_ibufg/O
                         net (fo=1, routed)           0.440     0.700    u0/clk_gen/inst/clk_in1_clk_wiz_0
    MMCME2_ADV_X0Y1      MMCME2_ADV (Prop_mmcme2_adv_CLKIN1_CLKOUT0)
                                                     -2.268    -1.568 r  u0/clk_gen/inst/mmcm_adv_inst/CLKOUT0
                         net (fo=1, routed)           0.482    -1.086    u0/clk_gen/inst/clk_out1_clk_wiz_0
    BUFGCTRL_X0Y16       BUFG (Prop_bufg_I_O)         0.026    -1.060 r  u0/clk_gen/inst/clkout1_buf/O
                         net (fo=7, routed)           0.586    -0.474    u1/cnt_reg[0]_0
    SLICE_X41Y60         FDCE                                         r  u1/cnt_reg[0]/C
  -------------------------------------------------------------------    -------------------
    SLICE_X41Y60         FDCE (Prop_fdce_C_Q)         0.141    -0.333 r  u1/cnt_reg[0]/Q
                         net (fo=7, routed)           0.192    -0.141    u1/cnt_reg_n_0_[0]
    SLICE_X41Y60         LUT3 (Prop_lut3_I0_O)        0.045    -0.096 r  u1/cnt[2]_i_1/O
                         net (fo=1, routed)           0.000    -0.096    u1/cnt[2]
    SLICE_X41Y60         FDCE                                         r  u1/cnt_reg[2]/D
  -------------------------------------------------------------------    -------------------

                         (clock clk_out1_clk_wiz_0 rise edge)
                                                      0.000     0.000 r  
    K17                                               0.000     0.000 r  clk_ref (IN)
                         net (fo=0)                   0.000     0.000    u0/clk_gen/inst/clk_in1
    K17                  IBUF (Prop_ibuf_I_O)         0.447     0.447 r  u0/clk_gen/inst/clkin1_ibufg/O
                         net (fo=1, routed)           0.480     0.927    u0/clk_gen/inst/clk_in1_clk_wiz_0
    MMCME2_ADV_X0Y1      MMCME2_ADV (Prop_mmcme2_adv_CLKIN1_CLKOUT0)
                                                     -3.047    -2.120 r  u0/clk_gen/inst/mmcm_adv_inst/CLKOUT0
                         net (fo=1, routed)           0.528    -1.592    u0/clk_gen/inst/clk_out1_clk_wiz_0
    BUFGCTRL_X0Y16       BUFG (Prop_bufg_I_O)         0.029    -1.563 r  u0/clk_gen/inst/clkout1_buf/O
                         net (fo=7, routed)           0.856    -0.707    u1/cnt_reg[0]_0
    SLICE_X41Y60         FDCE                                         r  u1/cnt_reg[2]/C
                         clock pessimism              0.232    -0.474    
    SLICE_X41Y60         FDCE (Hold_fdce_C_D)         0.092    -0.382    u1/cnt_reg[2]
  -------------------------------------------------------------------
                         required time                          0.382    
                         arrival time                          -0.096    
  -------------------------------------------------------------------
                         slack                                  0.286    





Pulse Width Checks
--------------------------------------------------------------------------------------
Clock Name:         clk_out1_clk_wiz_0
Waveform(ns):       { 0.000 5.000 }
Period(ns):         10.000
Sources:            { u0/clk_gen/inst/mmcm_adv_inst/CLKOUT0 }

Check Type        Corner  Lib Pin             Reference Pin  Required(ns)  Actual(ns)  Slack(ns)  Location         Pin
Min Period        n/a     BUFG/I              n/a            2.155         10.000      7.845      BUFGCTRL_X0Y16   u0/clk_gen/inst/clkout1_buf/I
Min Period        n/a     MMCME2_ADV/CLKOUT0  n/a            1.249         10.000      8.751      MMCME2_ADV_X0Y1  u0/clk_gen/inst/mmcm_adv_inst/CLKOUT0
Min Period        n/a     FDCE/C              n/a            1.000         10.000      9.000      SLICE_X41Y60     u1/clk_div_reg/C
Min Period        n/a     FDCE/C              n/a            1.000         10.000      9.000      SLICE_X41Y60     u1/cnt_reg[0]/C
Min Period        n/a     FDCE/C              n/a            1.000         10.000      9.000      SLICE_X41Y60     u1/cnt_reg[1]/C
Min Period        n/a     FDCE/C              n/a            1.000         10.000      9.000      SLICE_X41Y60     u1/cnt_reg[2]/C
Min Period        n/a     FDCE/C              n/a            1.000         10.000      9.000      SLICE_X41Y60     u1/cnt_reg[3]/C
Min Period        n/a     FDCE/C              n/a            1.000         10.000      9.000      SLICE_X40Y60     u1/cnt_reg[4]/C
Min Period        n/a     FDCE/C              n/a            1.000         10.000      9.000      SLICE_X40Y60     u1/cnt_reg[5]/C
Max Period        n/a     MMCME2_ADV/CLKOUT0  n/a            213.360       10.000      203.360    MMCME2_ADV_X0Y1  u0/clk_gen/inst/mmcm_adv_inst/CLKOUT0
Low Pulse Width   Slow    FDCE/C              n/a            0.500         5.000       4.500      SLICE_X41Y60     u1/clk_div_reg/C
Low Pulse Width   Slow    FDCE/C              n/a            0.500         5.000       4.500      SLICE_X41Y60     u1/cnt_reg[0]/C
Low Pulse Width   Slow    FDCE/C              n/a            0.500         5.000       4.500      SLICE_X41Y60     u1/cnt_reg[1]/C
Low Pulse Width   Slow    FDCE/C              n/a            0.500         5.000       4.500      SLICE_X41Y60     u1/cnt_reg[2]/C
Low Pulse Width   Slow    FDCE/C              n/a            0.500         5.000       4.500      SLICE_X41Y60     u1/cnt_reg[3]/C
Low Pulse Width   Slow    FDCE/C              n/a            0.500         5.000       4.500      SLICE_X40Y60     u1/cnt_reg[4]/C
Low Pulse Width   Slow    FDCE/C              n/a            0.500         5.000       4.500      SLICE_X40Y60     u1/cnt_reg[5]/C
Low Pulse Width   Fast    FDCE/C              n/a            0.500         5.000       4.500      SLICE_X41Y60     u1/clk_div_reg/C
Low Pulse Width   Fast    FDCE/C              n/a            0.500         5.000       4.500      SLICE_X41Y60     u1/cnt_reg[0]/C
Low Pulse Width   Fast    FDCE/C              n/a            0.500         5.000       4.500      SLICE_X41Y60     u1/cnt_reg[1]/C
High Pulse Width  Slow    FDCE/C              n/a            0.500         5.000       4.500      SLICE_X41Y60     u1/clk_div_reg/C
High Pulse Width  Fast    FDCE/C              n/a            0.500         5.000       4.500      SLICE_X41Y60     u1/clk_div_reg/C
High Pulse Width  Slow    FDCE/C              n/a            0.500         5.000       4.500      SLICE_X41Y60     u1/cnt_reg[0]/C
High Pulse Width  Fast    FDCE/C              n/a            0.500         5.000       4.500      SLICE_X41Y60     u1/cnt_reg[0]/C
High Pulse Width  Slow    FDCE/C              n/a            0.500         5.000       4.500      SLICE_X41Y60     u1/cnt_reg[1]/C
High Pulse Width  Fast    FDCE/C              n/a            0.500         5.000       4.500      SLICE_X41Y60     u1/cnt_reg[1]/C
High Pulse Width  Slow    FDCE/C              n/a            0.500         5.000       4.500      SLICE_X41Y60     u1/cnt_reg[2]/C
High Pulse Width  Fast    FDCE/C              n/a            0.500         5.000       4.500      SLICE_X41Y60     u1/cnt_reg[2]/C
High Pulse Width  Slow    FDCE/C              n/a            0.500         5.000       4.500      SLICE_X41Y60     u1/cnt_reg[3]/C
High Pulse Width  Fast    FDCE/C              n/a            0.500         5.000       4.500      SLICE_X41Y60     u1/cnt_reg[3]/C



---------------------------------------------------------------------------------------------------
From Clock:  clkfbout_clk_wiz_0
  To Clock:  clkfbout_clk_wiz_0

Setup :           NA  Failing Endpoints,  Worst Slack           NA  ,  Total Violation           NA
Hold  :           NA  Failing Endpoints,  Worst Slack           NA  ,  Total Violation           NA
PW    :            0  Failing Endpoints,  Worst Slack        5.845ns,  Total Violation        0.000ns
---------------------------------------------------------------------------------------------------


Pulse Width Checks
--------------------------------------------------------------------------------------
Clock Name:         clkfbout_clk_wiz_0
Waveform(ns):       { 0.000 4.000 }
Period(ns):         8.000
Sources:            { u0/clk_gen/inst/mmcm_adv_inst/CLKFBOUT }

Check Type  Corner  Lib Pin              Reference Pin  Required(ns)  Actual(ns)  Slack(ns)  Location         Pin
Min Period  n/a     BUFG/I               n/a            2.155         8.000       5.845      BUFGCTRL_X0Y17   u0/clk_gen/inst/clkf_buf/I
Min Period  n/a     MMCME2_ADV/CLKFBOUT  n/a            1.249         8.000       6.751      MMCME2_ADV_X0Y1  u0/clk_gen/inst/mmcm_adv_inst/CLKFBOUT
Min Period  n/a     MMCME2_ADV/CLKFBIN   n/a            1.249         8.000       6.751      MMCME2_ADV_X0Y1  u0/clk_gen/inst/mmcm_adv_inst/CLKFBIN
Max Period  n/a     MMCME2_ADV/CLKFBIN   n/a            100.000       8.000       92.000     MMCME2_ADV_X0Y1  u0/clk_gen/inst/mmcm_adv_inst/CLKFBIN
Max Period  n/a     MMCME2_ADV/CLKFBOUT  n/a            213.360       8.000       205.360    MMCME2_ADV_X0Y1  u0/clk_gen/inst/mmcm_adv_inst/CLKFBOUT



